[INFO 2017-12-20 17:21:31,220 demo.py:200] Namespace(augment_reverse=False, batch_size=64, bg_move=True, bg_noise=0.5, data='mnist', diff_div_thresh=1.25, display=False, display_all=False, fg_noise=0.1, fixed_data=False, image_channel=3, image_size=32, init_model_path='', learning_rate=0.001, max_diff_thresh=0.1, min_diff_thresh=0.01, motion_range=2, net_depth=11, num_frame=2, num_objects=1, rand_noise=0, resolution=256, save_dir='./', save_display=False, save_display_dir='./', save_interval=2001, seed=111, tensorboard_path='../../tensorboard/exp03_006', test=False, test_all=False, test_epoch=20, test_gt=False, test_interval=200, train=True, train_epoch=2000)
[INFO 2017-12-20 17:21:35,428 demo.py:75] epoch 0, train loss: 0.68, average train loss: 0.68, base loss: 0.81
[INFO 2017-12-20 17:21:35,628 demo.py:75] epoch 1, train loss: 0.68, average train loss: 0.68, base loss: 0.80
[INFO 2017-12-20 17:21:35,808 demo.py:75] epoch 2, train loss: 0.70, average train loss: 0.69, base loss: 0.80
[INFO 2017-12-20 17:21:35,971 demo.py:75] epoch 3, train loss: 0.69, average train loss: 0.69, base loss: 0.79
[INFO 2017-12-20 17:21:36,135 demo.py:75] epoch 4, train loss: 0.70, average train loss: 0.69, base loss: 0.79
[INFO 2017-12-20 17:21:36,299 demo.py:75] epoch 5, train loss: 0.70, average train loss: 0.69, base loss: 0.79
[INFO 2017-12-20 17:21:36,462 demo.py:75] epoch 6, train loss: 0.70, average train loss: 0.69, base loss: 0.79
[INFO 2017-12-20 17:21:36,627 demo.py:75] epoch 7, train loss: 0.72, average train loss: 0.70, base loss: 0.79
[INFO 2017-12-20 17:21:36,792 demo.py:75] epoch 8, train loss: 0.74, average train loss: 0.70, base loss: 0.79
[INFO 2017-12-20 17:21:36,957 demo.py:75] epoch 9, train loss: 0.71, average train loss: 0.70, base loss: 0.79
[INFO 2017-12-20 17:21:37,121 demo.py:75] epoch 10, train loss: 0.72, average train loss: 0.70, base loss: 0.79
[INFO 2017-12-20 17:21:37,287 demo.py:75] epoch 11, train loss: 0.75, average train loss: 0.71, base loss: 0.79
[INFO 2017-12-20 17:21:37,453 demo.py:75] epoch 12, train loss: 0.72, average train loss: 0.71, base loss: 0.79
[INFO 2017-12-20 17:21:37,617 demo.py:75] epoch 13, train loss: 0.75, average train loss: 0.71, base loss: 0.80
[INFO 2017-12-20 17:21:37,783 demo.py:75] epoch 14, train loss: 0.75, average train loss: 0.71, base loss: 0.80
[INFO 2017-12-20 17:21:37,949 demo.py:75] epoch 15, train loss: 0.80, average train loss: 0.72, base loss: 0.79
[INFO 2017-12-20 17:21:38,114 demo.py:75] epoch 16, train loss: 0.77, average train loss: 0.72, base loss: 0.79
[INFO 2017-12-20 17:21:38,279 demo.py:75] epoch 17, train loss: 0.76, average train loss: 0.72, base loss: 0.80
[INFO 2017-12-20 17:21:38,444 demo.py:75] epoch 18, train loss: 0.81, average train loss: 0.73, base loss: 0.79
[INFO 2017-12-20 17:21:38,610 demo.py:75] epoch 19, train loss: 0.82, average train loss: 0.73, base loss: 0.79
[INFO 2017-12-20 17:21:38,776 demo.py:75] epoch 20, train loss: 0.82, average train loss: 0.74, base loss: 0.79
[INFO 2017-12-20 17:21:38,942 demo.py:75] epoch 21, train loss: 0.83, average train loss: 0.74, base loss: 0.79
[INFO 2017-12-20 17:21:39,107 demo.py:75] epoch 22, train loss: 0.82, average train loss: 0.74, base loss: 0.79
[INFO 2017-12-20 17:21:39,271 demo.py:75] epoch 23, train loss: 0.80, average train loss: 0.75, base loss: 0.79
[INFO 2017-12-20 17:21:39,437 demo.py:75] epoch 24, train loss: 0.83, average train loss: 0.75, base loss: 0.79
[INFO 2017-12-20 17:21:39,602 demo.py:75] epoch 25, train loss: 0.90, average train loss: 0.76, base loss: 0.79
[INFO 2017-12-20 17:21:39,767 demo.py:75] epoch 26, train loss: 0.86, average train loss: 0.76, base loss: 0.79
[INFO 2017-12-20 17:21:39,933 demo.py:75] epoch 27, train loss: 0.85, average train loss: 0.76, base loss: 0.79
[INFO 2017-12-20 17:21:40,098 demo.py:75] epoch 28, train loss: 0.86, average train loss: 0.77, base loss: 0.79
[INFO 2017-12-20 17:21:40,262 demo.py:75] epoch 29, train loss: 0.89, average train loss: 0.77, base loss: 0.79
[INFO 2017-12-20 17:21:40,428 demo.py:75] epoch 30, train loss: 0.88, average train loss: 0.77, base loss: 0.79
[INFO 2017-12-20 17:21:40,594 demo.py:75] epoch 31, train loss: 0.89, average train loss: 0.78, base loss: 0.79
[INFO 2017-12-20 17:21:40,758 demo.py:75] epoch 32, train loss: 0.95, average train loss: 0.78, base loss: 0.79
[INFO 2017-12-20 17:21:40,924 demo.py:75] epoch 33, train loss: 0.91, average train loss: 0.79, base loss: 0.79
[INFO 2017-12-20 17:21:41,089 demo.py:75] epoch 34, train loss: 0.85, average train loss: 0.79, base loss: 0.79
[INFO 2017-12-20 17:21:41,254 demo.py:75] epoch 35, train loss: 0.94, average train loss: 0.79, base loss: 0.79
[INFO 2017-12-20 17:21:41,419 demo.py:75] epoch 36, train loss: 0.88, average train loss: 0.79, base loss: 0.79
[INFO 2017-12-20 17:21:41,585 demo.py:75] epoch 37, train loss: 0.98, average train loss: 0.80, base loss: 0.79
[INFO 2017-12-20 17:21:41,750 demo.py:75] epoch 38, train loss: 0.94, average train loss: 0.80, base loss: 0.79
[INFO 2017-12-20 17:21:41,917 demo.py:75] epoch 39, train loss: 0.83, average train loss: 0.80, base loss: 0.79
[INFO 2017-12-20 17:21:42,082 demo.py:75] epoch 40, train loss: 0.81, average train loss: 0.80, base loss: 0.79
[INFO 2017-12-20 17:21:42,247 demo.py:75] epoch 41, train loss: 0.93, average train loss: 0.81, base loss: 0.79
[INFO 2017-12-20 17:21:42,410 demo.py:75] epoch 42, train loss: 0.79, average train loss: 0.81, base loss: 0.79
[INFO 2017-12-20 17:21:42,575 demo.py:75] epoch 43, train loss: 0.78, average train loss: 0.81, base loss: 0.79
[INFO 2017-12-20 17:21:42,741 demo.py:75] epoch 44, train loss: 0.75, average train loss: 0.80, base loss: 0.79
[INFO 2017-12-20 17:21:42,906 demo.py:75] epoch 45, train loss: 0.77, average train loss: 0.80, base loss: 0.79
[INFO 2017-12-20 17:21:43,072 demo.py:75] epoch 46, train loss: 0.82, average train loss: 0.80, base loss: 0.79
[INFO 2017-12-20 17:21:43,237 demo.py:75] epoch 47, train loss: 0.74, average train loss: 0.80, base loss: 0.79
[INFO 2017-12-20 17:21:43,400 demo.py:75] epoch 48, train loss: 0.74, average train loss: 0.80, base loss: 0.79
[INFO 2017-12-20 17:21:43,566 demo.py:75] epoch 49, train loss: 0.76, average train loss: 0.80, base loss: 0.79
[INFO 2017-12-20 17:21:43,730 demo.py:75] epoch 50, train loss: 0.75, average train loss: 0.80, base loss: 0.79
[INFO 2017-12-20 17:21:43,895 demo.py:75] epoch 51, train loss: 0.75, average train loss: 0.80, base loss: 0.79
[INFO 2017-12-20 17:21:44,061 demo.py:75] epoch 52, train loss: 0.73, average train loss: 0.80, base loss: 0.79
[INFO 2017-12-20 17:21:44,227 demo.py:75] epoch 53, train loss: 0.75, average train loss: 0.80, base loss: 0.79
[INFO 2017-12-20 17:21:44,393 demo.py:75] epoch 54, train loss: 0.74, average train loss: 0.80, base loss: 0.79
[INFO 2017-12-20 17:21:44,558 demo.py:75] epoch 55, train loss: 0.74, average train loss: 0.79, base loss: 0.79
[INFO 2017-12-20 17:21:44,724 demo.py:75] epoch 56, train loss: 0.71, average train loss: 0.79, base loss: 0.79
[INFO 2017-12-20 17:21:44,889 demo.py:75] epoch 57, train loss: 0.78, average train loss: 0.79, base loss: 0.79
[INFO 2017-12-20 17:21:45,054 demo.py:75] epoch 58, train loss: 0.71, average train loss: 0.79, base loss: 0.79
[INFO 2017-12-20 17:21:45,219 demo.py:75] epoch 59, train loss: 0.74, average train loss: 0.79, base loss: 0.79
[INFO 2017-12-20 17:21:45,383 demo.py:75] epoch 60, train loss: 0.73, average train loss: 0.79, base loss: 0.79
[INFO 2017-12-20 17:21:45,548 demo.py:75] epoch 61, train loss: 0.71, average train loss: 0.79, base loss: 0.79
[INFO 2017-12-20 17:21:45,713 demo.py:75] epoch 62, train loss: 0.69, average train loss: 0.79, base loss: 0.79
[INFO 2017-12-20 17:21:45,877 demo.py:75] epoch 63, train loss: 0.70, average train loss: 0.79, base loss: 0.79
[INFO 2017-12-20 17:21:46,041 demo.py:75] epoch 64, train loss: 0.68, average train loss: 0.78, base loss: 0.79
[INFO 2017-12-20 17:21:46,207 demo.py:75] epoch 65, train loss: 0.70, average train loss: 0.78, base loss: 0.79
[INFO 2017-12-20 17:21:46,372 demo.py:75] epoch 66, train loss: 0.70, average train loss: 0.78, base loss: 0.79
[INFO 2017-12-20 17:21:46,538 demo.py:75] epoch 67, train loss: 0.69, average train loss: 0.78, base loss: 0.79
[INFO 2017-12-20 17:21:46,703 demo.py:75] epoch 68, train loss: 0.69, average train loss: 0.78, base loss: 0.79
[INFO 2017-12-20 17:21:46,869 demo.py:75] epoch 69, train loss: 0.69, average train loss: 0.78, base loss: 0.79
[INFO 2017-12-20 17:21:47,035 demo.py:75] epoch 70, train loss: 0.70, average train loss: 0.78, base loss: 0.79
[INFO 2017-12-20 17:21:47,199 demo.py:75] epoch 71, train loss: 0.69, average train loss: 0.78, base loss: 0.79
[INFO 2017-12-20 17:21:47,364 demo.py:75] epoch 72, train loss: 0.69, average train loss: 0.77, base loss: 0.79
[INFO 2017-12-20 17:21:47,529 demo.py:75] epoch 73, train loss: 0.66, average train loss: 0.77, base loss: 0.79
[INFO 2017-12-20 17:21:47,695 demo.py:75] epoch 74, train loss: 0.66, average train loss: 0.77, base loss: 0.79
[INFO 2017-12-20 17:21:47,861 demo.py:75] epoch 75, train loss: 0.68, average train loss: 0.77, base loss: 0.79
[INFO 2017-12-20 17:21:48,027 demo.py:75] epoch 76, train loss: 0.68, average train loss: 0.77, base loss: 0.79
[INFO 2017-12-20 17:21:48,193 demo.py:75] epoch 77, train loss: 0.67, average train loss: 0.77, base loss: 0.79
[INFO 2017-12-20 17:21:48,357 demo.py:75] epoch 78, train loss: 0.68, average train loss: 0.77, base loss: 0.79
[INFO 2017-12-20 17:21:48,522 demo.py:75] epoch 79, train loss: 0.68, average train loss: 0.77, base loss: 0.79
[INFO 2017-12-20 17:21:48,687 demo.py:75] epoch 80, train loss: 0.67, average train loss: 0.76, base loss: 0.79
[INFO 2017-12-20 17:21:48,853 demo.py:75] epoch 81, train loss: 0.65, average train loss: 0.76, base loss: 0.79
[INFO 2017-12-20 17:21:49,019 demo.py:75] epoch 82, train loss: 0.65, average train loss: 0.76, base loss: 0.79
[INFO 2017-12-20 17:21:49,184 demo.py:75] epoch 83, train loss: 0.66, average train loss: 0.76, base loss: 0.79
[INFO 2017-12-20 17:21:49,348 demo.py:75] epoch 84, train loss: 0.66, average train loss: 0.76, base loss: 0.79
[INFO 2017-12-20 17:21:49,514 demo.py:75] epoch 85, train loss: 0.65, average train loss: 0.76, base loss: 0.79
[INFO 2017-12-20 17:21:49,679 demo.py:75] epoch 86, train loss: 0.64, average train loss: 0.76, base loss: 0.79
[INFO 2017-12-20 17:21:49,844 demo.py:75] epoch 87, train loss: 0.67, average train loss: 0.76, base loss: 0.79
[INFO 2017-12-20 17:21:50,007 demo.py:75] epoch 88, train loss: 0.65, average train loss: 0.75, base loss: 0.79
[INFO 2017-12-20 17:21:50,171 demo.py:75] epoch 89, train loss: 0.65, average train loss: 0.75, base loss: 0.79
[INFO 2017-12-20 17:21:50,338 demo.py:75] epoch 90, train loss: 0.66, average train loss: 0.75, base loss: 0.79
[INFO 2017-12-20 17:21:50,502 demo.py:75] epoch 91, train loss: 0.66, average train loss: 0.75, base loss: 0.79
[INFO 2017-12-20 17:21:50,666 demo.py:75] epoch 92, train loss: 0.66, average train loss: 0.75, base loss: 0.79
[INFO 2017-12-20 17:21:50,836 demo.py:75] epoch 93, train loss: 0.66, average train loss: 0.75, base loss: 0.79
[INFO 2017-12-20 17:21:51,002 demo.py:75] epoch 94, train loss: 0.65, average train loss: 0.75, base loss: 0.79
[INFO 2017-12-20 17:21:51,166 demo.py:75] epoch 95, train loss: 0.65, average train loss: 0.75, base loss: 0.79
[INFO 2017-12-20 17:21:51,330 demo.py:75] epoch 96, train loss: 0.66, average train loss: 0.75, base loss: 0.79
[INFO 2017-12-20 17:21:51,495 demo.py:75] epoch 97, train loss: 0.66, average train loss: 0.75, base loss: 0.79
[INFO 2017-12-20 17:21:51,659 demo.py:75] epoch 98, train loss: 0.64, average train loss: 0.74, base loss: 0.79
[INFO 2017-12-20 17:21:51,823 demo.py:75] epoch 99, train loss: 0.65, average train loss: 0.74, base loss: 0.79
[INFO 2017-12-20 17:21:51,987 demo.py:75] epoch 100, train loss: 0.65, average train loss: 0.74, base loss: 0.79
[INFO 2017-12-20 17:21:52,152 demo.py:75] epoch 101, train loss: 0.66, average train loss: 0.74, base loss: 0.79
[INFO 2017-12-20 17:21:52,316 demo.py:75] epoch 102, train loss: 0.64, average train loss: 0.74, base loss: 0.79
[INFO 2017-12-20 17:21:52,481 demo.py:75] epoch 103, train loss: 0.65, average train loss: 0.74, base loss: 0.79
[INFO 2017-12-20 17:21:52,645 demo.py:75] epoch 104, train loss: 0.65, average train loss: 0.74, base loss: 0.79
[INFO 2017-12-20 17:21:52,811 demo.py:75] epoch 105, train loss: 0.66, average train loss: 0.74, base loss: 0.79
[INFO 2017-12-20 17:21:52,977 demo.py:75] epoch 106, train loss: 0.66, average train loss: 0.74, base loss: 0.79
[INFO 2017-12-20 17:21:53,143 demo.py:75] epoch 107, train loss: 0.65, average train loss: 0.74, base loss: 0.79
[INFO 2017-12-20 17:21:53,310 demo.py:75] epoch 108, train loss: 0.64, average train loss: 0.74, base loss: 0.79
[INFO 2017-12-20 17:21:53,475 demo.py:75] epoch 109, train loss: 0.65, average train loss: 0.74, base loss: 0.79
[INFO 2017-12-20 17:21:53,642 demo.py:75] epoch 110, train loss: 0.66, average train loss: 0.74, base loss: 0.79
[INFO 2017-12-20 17:21:53,810 demo.py:75] epoch 111, train loss: 0.66, average train loss: 0.74, base loss: 0.79
[INFO 2017-12-20 17:21:53,977 demo.py:75] epoch 112, train loss: 0.64, average train loss: 0.74, base loss: 0.79
[INFO 2017-12-20 17:21:54,143 demo.py:75] epoch 113, train loss: 0.66, average train loss: 0.73, base loss: 0.79
[INFO 2017-12-20 17:21:54,312 demo.py:75] epoch 114, train loss: 0.66, average train loss: 0.73, base loss: 0.79
[INFO 2017-12-20 17:21:54,477 demo.py:75] epoch 115, train loss: 0.65, average train loss: 0.73, base loss: 0.79
[INFO 2017-12-20 17:21:54,641 demo.py:75] epoch 116, train loss: 0.66, average train loss: 0.73, base loss: 0.79
[INFO 2017-12-20 17:21:54,807 demo.py:75] epoch 117, train loss: 0.68, average train loss: 0.73, base loss: 0.79
[INFO 2017-12-20 17:21:54,971 demo.py:75] epoch 118, train loss: 0.65, average train loss: 0.73, base loss: 0.79
[INFO 2017-12-20 17:21:55,136 demo.py:75] epoch 119, train loss: 0.65, average train loss: 0.73, base loss: 0.79
[INFO 2017-12-20 17:21:55,303 demo.py:75] epoch 120, train loss: 0.65, average train loss: 0.73, base loss: 0.79
[INFO 2017-12-20 17:21:55,467 demo.py:75] epoch 121, train loss: 0.65, average train loss: 0.72, base loss: 0.79
[INFO 2017-12-20 17:21:55,634 demo.py:75] epoch 122, train loss: 0.65, average train loss: 0.72, base loss: 0.79
[INFO 2017-12-20 17:21:55,800 demo.py:75] epoch 123, train loss: 0.65, average train loss: 0.72, base loss: 0.79
[INFO 2017-12-20 17:21:55,964 demo.py:75] epoch 124, train loss: 0.65, average train loss: 0.72, base loss: 0.79
[INFO 2017-12-20 17:21:56,129 demo.py:75] epoch 125, train loss: 0.65, average train loss: 0.72, base loss: 0.79
[INFO 2017-12-20 17:21:56,294 demo.py:75] epoch 126, train loss: 0.65, average train loss: 0.71, base loss: 0.79
[INFO 2017-12-20 17:21:56,459 demo.py:75] epoch 127, train loss: 0.64, average train loss: 0.71, base loss: 0.79
[INFO 2017-12-20 17:21:56,624 demo.py:75] epoch 128, train loss: 0.65, average train loss: 0.71, base loss: 0.79
[INFO 2017-12-20 17:21:56,788 demo.py:75] epoch 129, train loss: 0.67, average train loss: 0.71, base loss: 0.79
[INFO 2017-12-20 17:21:56,952 demo.py:75] epoch 130, train loss: 0.65, average train loss: 0.71, base loss: 0.79
[INFO 2017-12-20 17:21:57,117 demo.py:75] epoch 131, train loss: 0.67, average train loss: 0.70, base loss: 0.79
[INFO 2017-12-20 17:21:57,283 demo.py:75] epoch 132, train loss: 0.65, average train loss: 0.70, base loss: 0.79
[INFO 2017-12-20 17:21:57,449 demo.py:75] epoch 133, train loss: 0.65, average train loss: 0.70, base loss: 0.79
[INFO 2017-12-20 17:21:57,616 demo.py:75] epoch 134, train loss: 0.66, average train loss: 0.70, base loss: 0.79
[INFO 2017-12-20 17:21:57,781 demo.py:75] epoch 135, train loss: 0.66, average train loss: 0.69, base loss: 0.79
[INFO 2017-12-20 17:21:57,945 demo.py:75] epoch 136, train loss: 0.66, average train loss: 0.69, base loss: 0.79
[INFO 2017-12-20 17:21:58,110 demo.py:75] epoch 137, train loss: 0.66, average train loss: 0.69, base loss: 0.79
[INFO 2017-12-20 17:21:58,273 demo.py:75] epoch 138, train loss: 0.66, average train loss: 0.68, base loss: 0.79
[INFO 2017-12-20 17:21:58,437 demo.py:75] epoch 139, train loss: 0.66, average train loss: 0.68, base loss: 0.79
[INFO 2017-12-20 17:21:58,602 demo.py:75] epoch 140, train loss: 0.67, average train loss: 0.68, base loss: 0.79
[INFO 2017-12-20 17:21:58,766 demo.py:75] epoch 141, train loss: 0.66, average train loss: 0.68, base loss: 0.79
[INFO 2017-12-20 17:21:58,932 demo.py:75] epoch 142, train loss: 0.65, average train loss: 0.68, base loss: 0.79
[INFO 2017-12-20 17:21:59,099 demo.py:75] epoch 143, train loss: 0.65, average train loss: 0.68, base loss: 0.79
[INFO 2017-12-20 17:21:59,263 demo.py:75] epoch 144, train loss: 0.66, average train loss: 0.68, base loss: 0.79
[INFO 2017-12-20 17:21:59,427 demo.py:75] epoch 145, train loss: 0.66, average train loss: 0.67, base loss: 0.79
[INFO 2017-12-20 17:21:59,593 demo.py:75] epoch 146, train loss: 0.65, average train loss: 0.67, base loss: 0.79
[INFO 2017-12-20 17:21:59,761 demo.py:75] epoch 147, train loss: 0.65, average train loss: 0.67, base loss: 0.79
[INFO 2017-12-20 17:21:59,925 demo.py:75] epoch 148, train loss: 0.68, average train loss: 0.67, base loss: 0.79
[INFO 2017-12-20 17:22:00,090 demo.py:75] epoch 149, train loss: 0.66, average train loss: 0.67, base loss: 0.79
[INFO 2017-12-20 17:22:00,254 demo.py:75] epoch 150, train loss: 0.65, average train loss: 0.67, base loss: 0.79
[INFO 2017-12-20 17:22:00,419 demo.py:75] epoch 151, train loss: 0.67, average train loss: 0.67, base loss: 0.79
[INFO 2017-12-20 17:22:00,582 demo.py:75] epoch 152, train loss: 0.66, average train loss: 0.67, base loss: 0.79
[INFO 2017-12-20 17:22:00,746 demo.py:75] epoch 153, train loss: 0.66, average train loss: 0.67, base loss: 0.79
[INFO 2017-12-20 17:22:00,909 demo.py:75] epoch 154, train loss: 0.67, average train loss: 0.67, base loss: 0.79
[INFO 2017-12-20 17:22:01,072 demo.py:75] epoch 155, train loss: 0.67, average train loss: 0.67, base loss: 0.79
[INFO 2017-12-20 17:22:01,236 demo.py:75] epoch 156, train loss: 0.66, average train loss: 0.67, base loss: 0.79
[INFO 2017-12-20 17:22:01,400 demo.py:75] epoch 157, train loss: 0.65, average train loss: 0.66, base loss: 0.79
[INFO 2017-12-20 17:22:01,564 demo.py:75] epoch 158, train loss: 0.66, average train loss: 0.66, base loss: 0.79
[INFO 2017-12-20 17:22:01,728 demo.py:75] epoch 159, train loss: 0.67, average train loss: 0.66, base loss: 0.79
[INFO 2017-12-20 17:22:01,892 demo.py:75] epoch 160, train loss: 0.65, average train loss: 0.66, base loss: 0.79
[INFO 2017-12-20 17:22:02,056 demo.py:75] epoch 161, train loss: 0.65, average train loss: 0.66, base loss: 0.79
[INFO 2017-12-20 17:22:02,221 demo.py:75] epoch 162, train loss: 0.65, average train loss: 0.66, base loss: 0.79
[INFO 2017-12-20 17:22:02,384 demo.py:75] epoch 163, train loss: 0.66, average train loss: 0.66, base loss: 0.79
[INFO 2017-12-20 17:22:02,548 demo.py:75] epoch 164, train loss: 0.67, average train loss: 0.66, base loss: 0.79
[INFO 2017-12-20 17:22:02,713 demo.py:75] epoch 165, train loss: 0.65, average train loss: 0.66, base loss: 0.79
[INFO 2017-12-20 17:22:02,878 demo.py:75] epoch 166, train loss: 0.66, average train loss: 0.66, base loss: 0.79
[INFO 2017-12-20 17:22:03,045 demo.py:75] epoch 167, train loss: 0.66, average train loss: 0.66, base loss: 0.79
[INFO 2017-12-20 17:22:03,212 demo.py:75] epoch 168, train loss: 0.66, average train loss: 0.66, base loss: 0.79
[INFO 2017-12-20 17:22:03,380 demo.py:75] epoch 169, train loss: 0.67, average train loss: 0.66, base loss: 0.79
[INFO 2017-12-20 17:22:03,547 demo.py:75] epoch 170, train loss: 0.66, average train loss: 0.66, base loss: 0.79
[INFO 2017-12-20 17:22:03,718 demo.py:75] epoch 171, train loss: 0.65, average train loss: 0.66, base loss: 0.79
[INFO 2017-12-20 17:22:03,889 demo.py:75] epoch 172, train loss: 0.67, average train loss: 0.66, base loss: 0.79
[INFO 2017-12-20 17:22:04,064 demo.py:75] epoch 173, train loss: 0.67, average train loss: 0.66, base loss: 0.79
[INFO 2017-12-20 17:22:04,241 demo.py:75] epoch 174, train loss: 0.68, average train loss: 0.66, base loss: 0.79
[INFO 2017-12-20 17:22:04,414 demo.py:75] epoch 175, train loss: 0.66, average train loss: 0.66, base loss: 0.79
[INFO 2017-12-20 17:22:04,592 demo.py:75] epoch 176, train loss: 0.66, average train loss: 0.66, base loss: 0.79
[INFO 2017-12-20 17:22:04,767 demo.py:75] epoch 177, train loss: 0.67, average train loss: 0.66, base loss: 0.79
[INFO 2017-12-20 17:22:04,943 demo.py:75] epoch 178, train loss: 0.66, average train loss: 0.66, base loss: 0.79
[INFO 2017-12-20 17:22:05,121 demo.py:75] epoch 179, train loss: 0.66, average train loss: 0.66, base loss: 0.79
[INFO 2017-12-20 17:22:05,292 demo.py:75] epoch 180, train loss: 0.66, average train loss: 0.66, base loss: 0.79
[INFO 2017-12-20 17:22:05,462 demo.py:75] epoch 181, train loss: 0.66, average train loss: 0.66, base loss: 0.79
[INFO 2017-12-20 17:22:05,634 demo.py:75] epoch 182, train loss: 0.66, average train loss: 0.66, base loss: 0.79
[INFO 2017-12-20 17:22:05,807 demo.py:75] epoch 183, train loss: 0.65, average train loss: 0.66, base loss: 0.79
[INFO 2017-12-20 17:22:05,981 demo.py:75] epoch 184, train loss: 0.65, average train loss: 0.66, base loss: 0.79
[INFO 2017-12-20 17:22:06,155 demo.py:75] epoch 185, train loss: 0.65, average train loss: 0.66, base loss: 0.79
[INFO 2017-12-20 17:22:06,330 demo.py:75] epoch 186, train loss: 0.65, average train loss: 0.66, base loss: 0.79
[INFO 2017-12-20 17:22:06,505 demo.py:75] epoch 187, train loss: 0.66, average train loss: 0.66, base loss: 0.79
[INFO 2017-12-20 17:22:06,680 demo.py:75] epoch 188, train loss: 0.64, average train loss: 0.66, base loss: 0.79
[INFO 2017-12-20 17:22:06,855 demo.py:75] epoch 189, train loss: 0.66, average train loss: 0.66, base loss: 0.79
[INFO 2017-12-20 17:22:07,030 demo.py:75] epoch 190, train loss: 0.65, average train loss: 0.66, base loss: 0.79
[INFO 2017-12-20 17:22:07,205 demo.py:75] epoch 191, train loss: 0.64, average train loss: 0.66, base loss: 0.79
[INFO 2017-12-20 17:22:07,380 demo.py:75] epoch 192, train loss: 0.64, average train loss: 0.66, base loss: 0.79
[INFO 2017-12-20 17:22:07,556 demo.py:75] epoch 193, train loss: 0.66, average train loss: 0.66, base loss: 0.79
[INFO 2017-12-20 17:22:07,731 demo.py:75] epoch 194, train loss: 0.66, average train loss: 0.66, base loss: 0.79
[INFO 2017-12-20 17:22:07,906 demo.py:75] epoch 195, train loss: 0.66, average train loss: 0.66, base loss: 0.79
[INFO 2017-12-20 17:22:08,081 demo.py:75] epoch 196, train loss: 0.65, average train loss: 0.66, base loss: 0.79
[INFO 2017-12-20 17:22:08,256 demo.py:75] epoch 197, train loss: 0.65, average train loss: 0.66, base loss: 0.79
[INFO 2017-12-20 17:22:08,431 demo.py:75] epoch 198, train loss: 0.66, average train loss: 0.66, base loss: 0.79
[INFO 2017-12-20 17:22:08,605 demo.py:75] epoch 199, train loss: 0.65, average train loss: 0.66, base loss: 0.79
[INFO 2017-12-20 17:22:08,606 demo.py:81] epoch 199, testing
[INFO 2017-12-20 17:22:10,440 demo.py:140] average test loss: 0.65, base loss: 0.79
[INFO 2017-12-20 17:22:10,440 demo.py:141] improve_loss: 0.13, improve_percent: 0.17
[INFO 2017-12-20 17:22:10,440 demo.py:144] average test endpoint error: 2.02
[INFO 2017-12-20 17:22:10,440 base_demo.py:139] model save to ./model.pth
[INFO 2017-12-20 17:22:10,447 base_demo.py:143] current best improved percent: 0.17
[INFO 2017-12-20 17:22:10,622 demo.py:75] epoch 200, train loss: 0.65, average train loss: 0.66, base loss: 0.79
[INFO 2017-12-20 17:22:10,797 demo.py:75] epoch 201, train loss: 0.67, average train loss: 0.66, base loss: 0.79
[INFO 2017-12-20 17:22:10,972 demo.py:75] epoch 202, train loss: 0.68, average train loss: 0.66, base loss: 0.79
[INFO 2017-12-20 17:22:11,148 demo.py:75] epoch 203, train loss: 0.65, average train loss: 0.66, base loss: 0.79
[INFO 2017-12-20 17:22:11,323 demo.py:75] epoch 204, train loss: 0.65, average train loss: 0.66, base loss: 0.79
[INFO 2017-12-20 17:22:11,498 demo.py:75] epoch 205, train loss: 0.66, average train loss: 0.66, base loss: 0.79
[INFO 2017-12-20 17:22:11,673 demo.py:75] epoch 206, train loss: 0.66, average train loss: 0.66, base loss: 0.79
[INFO 2017-12-20 17:22:11,848 demo.py:75] epoch 207, train loss: 0.65, average train loss: 0.66, base loss: 0.79
[INFO 2017-12-20 17:22:12,023 demo.py:75] epoch 208, train loss: 0.64, average train loss: 0.66, base loss: 0.79
[INFO 2017-12-20 17:22:12,198 demo.py:75] epoch 209, train loss: 0.64, average train loss: 0.66, base loss: 0.79
[INFO 2017-12-20 17:22:12,373 demo.py:75] epoch 210, train loss: 0.66, average train loss: 0.66, base loss: 0.79
[INFO 2017-12-20 17:22:12,548 demo.py:75] epoch 211, train loss: 0.66, average train loss: 0.66, base loss: 0.79
[INFO 2017-12-20 17:22:12,726 demo.py:75] epoch 212, train loss: 0.65, average train loss: 0.66, base loss: 0.79
[INFO 2017-12-20 17:22:12,901 demo.py:75] epoch 213, train loss: 0.64, average train loss: 0.66, base loss: 0.79
[INFO 2017-12-20 17:22:13,076 demo.py:75] epoch 214, train loss: 0.65, average train loss: 0.66, base loss: 0.79
[INFO 2017-12-20 17:22:13,250 demo.py:75] epoch 215, train loss: 0.65, average train loss: 0.66, base loss: 0.79
[INFO 2017-12-20 17:22:13,425 demo.py:75] epoch 216, train loss: 0.65, average train loss: 0.66, base loss: 0.79
[INFO 2017-12-20 17:22:13,600 demo.py:75] epoch 217, train loss: 0.65, average train loss: 0.66, base loss: 0.79
[INFO 2017-12-20 17:22:13,776 demo.py:75] epoch 218, train loss: 0.65, average train loss: 0.66, base loss: 0.79
[INFO 2017-12-20 17:22:13,951 demo.py:75] epoch 219, train loss: 0.65, average train loss: 0.66, base loss: 0.79
[INFO 2017-12-20 17:22:14,125 demo.py:75] epoch 220, train loss: 0.65, average train loss: 0.66, base loss: 0.79
[INFO 2017-12-20 17:22:14,300 demo.py:75] epoch 221, train loss: 0.67, average train loss: 0.66, base loss: 0.79
[INFO 2017-12-20 17:22:14,475 demo.py:75] epoch 222, train loss: 0.66, average train loss: 0.66, base loss: 0.79
[INFO 2017-12-20 17:22:14,650 demo.py:75] epoch 223, train loss: 0.67, average train loss: 0.66, base loss: 0.79
[INFO 2017-12-20 17:22:14,825 demo.py:75] epoch 224, train loss: 0.65, average train loss: 0.66, base loss: 0.79
[INFO 2017-12-20 17:22:15,000 demo.py:75] epoch 225, train loss: 0.66, average train loss: 0.66, base loss: 0.79
[INFO 2017-12-20 17:22:15,175 demo.py:75] epoch 226, train loss: 0.67, average train loss: 0.66, base loss: 0.79
[INFO 2017-12-20 17:22:15,350 demo.py:75] epoch 227, train loss: 0.67, average train loss: 0.66, base loss: 0.79
[INFO 2017-12-20 17:22:15,527 demo.py:75] epoch 228, train loss: 0.66, average train loss: 0.66, base loss: 0.79
[INFO 2017-12-20 17:22:15,704 demo.py:75] epoch 229, train loss: 0.67, average train loss: 0.66, base loss: 0.79
[INFO 2017-12-20 17:22:15,882 demo.py:75] epoch 230, train loss: 0.67, average train loss: 0.66, base loss: 0.79
[INFO 2017-12-20 17:22:16,061 demo.py:75] epoch 231, train loss: 0.66, average train loss: 0.66, base loss: 0.79
[INFO 2017-12-20 17:22:16,240 demo.py:75] epoch 232, train loss: 0.67, average train loss: 0.66, base loss: 0.79
[INFO 2017-12-20 17:22:16,419 demo.py:75] epoch 233, train loss: 0.68, average train loss: 0.66, base loss: 0.79
[INFO 2017-12-20 17:22:16,597 demo.py:75] epoch 234, train loss: 0.66, average train loss: 0.66, base loss: 0.79
[INFO 2017-12-20 17:22:16,776 demo.py:75] epoch 235, train loss: 0.68, average train loss: 0.66, base loss: 0.79
[INFO 2017-12-20 17:22:16,955 demo.py:75] epoch 236, train loss: 0.69, average train loss: 0.66, base loss: 0.79
[INFO 2017-12-20 17:22:17,135 demo.py:75] epoch 237, train loss: 0.68, average train loss: 0.66, base loss: 0.79
[INFO 2017-12-20 17:22:17,315 demo.py:75] epoch 238, train loss: 0.67, average train loss: 0.66, base loss: 0.79
[INFO 2017-12-20 17:22:17,496 demo.py:75] epoch 239, train loss: 0.67, average train loss: 0.66, base loss: 0.79
[INFO 2017-12-20 17:22:17,676 demo.py:75] epoch 240, train loss: 0.68, average train loss: 0.66, base loss: 0.79
[INFO 2017-12-20 17:22:17,857 demo.py:75] epoch 241, train loss: 0.67, average train loss: 0.66, base loss: 0.79
[INFO 2017-12-20 17:22:18,037 demo.py:75] epoch 242, train loss: 0.68, average train loss: 0.66, base loss: 0.79
[INFO 2017-12-20 17:22:18,219 demo.py:75] epoch 243, train loss: 0.68, average train loss: 0.66, base loss: 0.79
[INFO 2017-12-20 17:22:18,402 demo.py:75] epoch 244, train loss: 0.69, average train loss: 0.66, base loss: 0.79
[INFO 2017-12-20 17:22:18,584 demo.py:75] epoch 245, train loss: 0.70, average train loss: 0.66, base loss: 0.79
[INFO 2017-12-20 17:22:18,766 demo.py:75] epoch 246, train loss: 0.69, average train loss: 0.66, base loss: 0.79
[INFO 2017-12-20 17:22:18,949 demo.py:75] epoch 247, train loss: 0.70, average train loss: 0.66, base loss: 0.79
[INFO 2017-12-20 17:22:19,133 demo.py:75] epoch 248, train loss: 0.67, average train loss: 0.66, base loss: 0.79
[INFO 2017-12-20 17:22:19,319 demo.py:75] epoch 249, train loss: 0.68, average train loss: 0.66, base loss: 0.79
[INFO 2017-12-20 17:22:19,506 demo.py:75] epoch 250, train loss: 0.72, average train loss: 0.66, base loss: 0.79
[INFO 2017-12-20 17:22:19,693 demo.py:75] epoch 251, train loss: 0.69, average train loss: 0.66, base loss: 0.79
[INFO 2017-12-20 17:22:19,881 demo.py:75] epoch 252, train loss: 0.71, average train loss: 0.66, base loss: 0.79
[INFO 2017-12-20 17:22:20,070 demo.py:75] epoch 253, train loss: 0.74, average train loss: 0.66, base loss: 0.79
[INFO 2017-12-20 17:22:20,262 demo.py:75] epoch 254, train loss: 0.74, average train loss: 0.66, base loss: 0.79
[INFO 2017-12-20 17:22:20,453 demo.py:75] epoch 255, train loss: 0.69, average train loss: 0.67, base loss: 0.79
[INFO 2017-12-20 17:22:20,643 demo.py:75] epoch 256, train loss: 0.69, average train loss: 0.67, base loss: 0.79
[INFO 2017-12-20 17:22:20,834 demo.py:75] epoch 257, train loss: 0.70, average train loss: 0.67, base loss: 0.79
[INFO 2017-12-20 17:22:21,026 demo.py:75] epoch 258, train loss: 0.71, average train loss: 0.67, base loss: 0.79
[INFO 2017-12-20 17:22:21,220 demo.py:75] epoch 259, train loss: 0.67, average train loss: 0.67, base loss: 0.79
[INFO 2017-12-20 17:22:21,413 demo.py:75] epoch 260, train loss: 0.68, average train loss: 0.67, base loss: 0.79
[INFO 2017-12-20 17:22:21,607 demo.py:75] epoch 261, train loss: 0.67, average train loss: 0.67, base loss: 0.79
[INFO 2017-12-20 17:22:21,800 demo.py:75] epoch 262, train loss: 0.68, average train loss: 0.67, base loss: 0.79
[INFO 2017-12-20 17:22:21,993 demo.py:75] epoch 263, train loss: 0.70, average train loss: 0.67, base loss: 0.79
[INFO 2017-12-20 17:22:22,187 demo.py:75] epoch 264, train loss: 0.70, average train loss: 0.67, base loss: 0.79
[INFO 2017-12-20 17:22:22,379 demo.py:75] epoch 265, train loss: 0.67, average train loss: 0.67, base loss: 0.79
[INFO 2017-12-20 17:22:22,573 demo.py:75] epoch 266, train loss: 0.68, average train loss: 0.67, base loss: 0.79
[INFO 2017-12-20 17:22:22,766 demo.py:75] epoch 267, train loss: 0.68, average train loss: 0.67, base loss: 0.79
[INFO 2017-12-20 17:22:22,959 demo.py:75] epoch 268, train loss: 0.67, average train loss: 0.67, base loss: 0.79
[INFO 2017-12-20 17:22:23,152 demo.py:75] epoch 269, train loss: 0.65, average train loss: 0.67, base loss: 0.79
[INFO 2017-12-20 17:22:23,345 demo.py:75] epoch 270, train loss: 0.66, average train loss: 0.67, base loss: 0.79
[INFO 2017-12-20 17:22:23,539 demo.py:75] epoch 271, train loss: 0.66, average train loss: 0.67, base loss: 0.79
[INFO 2017-12-20 17:22:23,732 demo.py:75] epoch 272, train loss: 0.67, average train loss: 0.67, base loss: 0.79
[INFO 2017-12-20 17:22:23,925 demo.py:75] epoch 273, train loss: 0.66, average train loss: 0.67, base loss: 0.79
[INFO 2017-12-20 17:22:24,118 demo.py:75] epoch 274, train loss: 0.65, average train loss: 0.67, base loss: 0.79
[INFO 2017-12-20 17:22:24,311 demo.py:75] epoch 275, train loss: 0.66, average train loss: 0.67, base loss: 0.79
[INFO 2017-12-20 17:22:24,505 demo.py:75] epoch 276, train loss: 0.67, average train loss: 0.67, base loss: 0.79
[INFO 2017-12-20 17:22:24,698 demo.py:75] epoch 277, train loss: 0.67, average train loss: 0.67, base loss: 0.79
[INFO 2017-12-20 17:22:24,891 demo.py:75] epoch 278, train loss: 0.67, average train loss: 0.67, base loss: 0.79
[INFO 2017-12-20 17:22:25,085 demo.py:75] epoch 279, train loss: 0.68, average train loss: 0.67, base loss: 0.79
[INFO 2017-12-20 17:22:25,278 demo.py:75] epoch 280, train loss: 0.66, average train loss: 0.67, base loss: 0.79
[INFO 2017-12-20 17:22:25,471 demo.py:75] epoch 281, train loss: 0.69, average train loss: 0.67, base loss: 0.79
[INFO 2017-12-20 17:22:25,664 demo.py:75] epoch 282, train loss: 0.69, average train loss: 0.67, base loss: 0.79
[INFO 2017-12-20 17:22:25,857 demo.py:75] epoch 283, train loss: 0.69, average train loss: 0.67, base loss: 0.79
[INFO 2017-12-20 17:22:26,051 demo.py:75] epoch 284, train loss: 0.66, average train loss: 0.67, base loss: 0.79
[INFO 2017-12-20 17:22:26,245 demo.py:75] epoch 285, train loss: 0.67, average train loss: 0.67, base loss: 0.79
[INFO 2017-12-20 17:22:26,438 demo.py:75] epoch 286, train loss: 0.69, average train loss: 0.67, base loss: 0.79
[INFO 2017-12-20 17:22:26,631 demo.py:75] epoch 287, train loss: 0.67, average train loss: 0.67, base loss: 0.79
[INFO 2017-12-20 17:22:26,825 demo.py:75] epoch 288, train loss: 0.70, average train loss: 0.67, base loss: 0.79
[INFO 2017-12-20 17:22:27,018 demo.py:75] epoch 289, train loss: 0.68, average train loss: 0.67, base loss: 0.79
[INFO 2017-12-20 17:22:27,212 demo.py:75] epoch 290, train loss: 0.71, average train loss: 0.67, base loss: 0.79
[INFO 2017-12-20 17:22:27,405 demo.py:75] epoch 291, train loss: 0.73, average train loss: 0.67, base loss: 0.79
[INFO 2017-12-20 17:22:27,598 demo.py:75] epoch 292, train loss: 0.73, average train loss: 0.67, base loss: 0.79
[INFO 2017-12-20 17:22:27,791 demo.py:75] epoch 293, train loss: 0.73, average train loss: 0.67, base loss: 0.79
[INFO 2017-12-20 17:22:27,985 demo.py:75] epoch 294, train loss: 0.72, average train loss: 0.67, base loss: 0.79
[INFO 2017-12-20 17:22:28,179 demo.py:75] epoch 295, train loss: 0.70, average train loss: 0.67, base loss: 0.79
[INFO 2017-12-20 17:22:28,372 demo.py:75] epoch 296, train loss: 0.74, average train loss: 0.68, base loss: 0.79
[INFO 2017-12-20 17:22:28,565 demo.py:75] epoch 297, train loss: 0.76, average train loss: 0.68, base loss: 0.79
[INFO 2017-12-20 17:22:28,759 demo.py:75] epoch 298, train loss: 0.73, average train loss: 0.68, base loss: 0.79
[INFO 2017-12-20 17:22:28,953 demo.py:75] epoch 299, train loss: 0.75, average train loss: 0.68, base loss: 0.79
[INFO 2017-12-20 17:22:29,147 demo.py:75] epoch 300, train loss: 0.72, average train loss: 0.68, base loss: 0.79
[INFO 2017-12-20 17:22:29,340 demo.py:75] epoch 301, train loss: 0.77, average train loss: 0.68, base loss: 0.79
[INFO 2017-12-20 17:22:29,534 demo.py:75] epoch 302, train loss: 0.74, average train loss: 0.68, base loss: 0.79
[INFO 2017-12-20 17:22:29,727 demo.py:75] epoch 303, train loss: 0.74, average train loss: 0.68, base loss: 0.79
[INFO 2017-12-20 17:22:29,925 demo.py:75] epoch 304, train loss: 0.78, average train loss: 0.68, base loss: 0.79
[INFO 2017-12-20 17:22:30,117 demo.py:75] epoch 305, train loss: 0.79, average train loss: 0.68, base loss: 0.79
[INFO 2017-12-20 17:22:30,310 demo.py:75] epoch 306, train loss: 0.78, average train loss: 0.69, base loss: 0.79
[INFO 2017-12-20 17:22:30,503 demo.py:75] epoch 307, train loss: 0.73, average train loss: 0.69, base loss: 0.79
[INFO 2017-12-20 17:22:30,697 demo.py:75] epoch 308, train loss: 0.72, average train loss: 0.69, base loss: 0.79
[INFO 2017-12-20 17:22:30,890 demo.py:75] epoch 309, train loss: 0.76, average train loss: 0.69, base loss: 0.79
[INFO 2017-12-20 17:22:31,082 demo.py:75] epoch 310, train loss: 0.74, average train loss: 0.69, base loss: 0.79
[INFO 2017-12-20 17:22:31,275 demo.py:75] epoch 311, train loss: 0.73, average train loss: 0.69, base loss: 0.79
[INFO 2017-12-20 17:22:31,469 demo.py:75] epoch 312, train loss: 0.73, average train loss: 0.69, base loss: 0.79
[INFO 2017-12-20 17:22:31,662 demo.py:75] epoch 313, train loss: 0.72, average train loss: 0.69, base loss: 0.79
[INFO 2017-12-20 17:22:31,855 demo.py:75] epoch 314, train loss: 0.72, average train loss: 0.69, base loss: 0.79
[INFO 2017-12-20 17:22:32,048 demo.py:75] epoch 315, train loss: 0.72, average train loss: 0.69, base loss: 0.79
[INFO 2017-12-20 17:22:32,241 demo.py:75] epoch 316, train loss: 0.73, average train loss: 0.69, base loss: 0.79
[INFO 2017-12-20 17:22:32,435 demo.py:75] epoch 317, train loss: 0.70, average train loss: 0.69, base loss: 0.79
[INFO 2017-12-20 17:22:32,628 demo.py:75] epoch 318, train loss: 0.71, average train loss: 0.69, base loss: 0.79
[INFO 2017-12-20 17:22:32,821 demo.py:75] epoch 319, train loss: 0.70, average train loss: 0.70, base loss: 0.79
[INFO 2017-12-20 17:22:33,015 demo.py:75] epoch 320, train loss: 0.68, average train loss: 0.70, base loss: 0.79
[INFO 2017-12-20 17:22:33,208 demo.py:75] epoch 321, train loss: 0.71, average train loss: 0.70, base loss: 0.79
[INFO 2017-12-20 17:22:33,401 demo.py:75] epoch 322, train loss: 0.71, average train loss: 0.70, base loss: 0.79
[INFO 2017-12-20 17:22:33,594 demo.py:75] epoch 323, train loss: 0.70, average train loss: 0.70, base loss: 0.79
[INFO 2017-12-20 17:22:33,789 demo.py:75] epoch 324, train loss: 0.72, average train loss: 0.70, base loss: 0.79
[INFO 2017-12-20 17:22:34,005 demo.py:75] epoch 325, train loss: 0.70, average train loss: 0.70, base loss: 0.79
[INFO 2017-12-20 17:22:34,200 demo.py:75] epoch 326, train loss: 0.71, average train loss: 0.70, base loss: 0.79
[INFO 2017-12-20 17:22:34,396 demo.py:75] epoch 327, train loss: 0.70, average train loss: 0.70, base loss: 0.79
[INFO 2017-12-20 17:22:34,591 demo.py:75] epoch 328, train loss: 0.69, average train loss: 0.70, base loss: 0.79
[INFO 2017-12-20 17:22:34,788 demo.py:75] epoch 329, train loss: 0.71, average train loss: 0.70, base loss: 0.79
[INFO 2017-12-20 17:22:34,987 demo.py:75] epoch 330, train loss: 0.70, average train loss: 0.70, base loss: 0.79
[INFO 2017-12-20 17:22:35,196 demo.py:75] epoch 331, train loss: 0.70, average train loss: 0.70, base loss: 0.79
[INFO 2017-12-20 17:22:35,393 demo.py:75] epoch 332, train loss: 0.67, average train loss: 0.70, base loss: 0.79
[INFO 2017-12-20 17:22:35,593 demo.py:75] epoch 333, train loss: 0.71, average train loss: 0.70, base loss: 0.79
[INFO 2017-12-20 17:22:35,790 demo.py:75] epoch 334, train loss: 0.69, average train loss: 0.70, base loss: 0.79
[INFO 2017-12-20 17:22:35,984 demo.py:75] epoch 335, train loss: 0.70, average train loss: 0.70, base loss: 0.79
[INFO 2017-12-20 17:22:36,177 demo.py:75] epoch 336, train loss: 0.69, average train loss: 0.70, base loss: 0.79
[INFO 2017-12-20 17:22:36,371 demo.py:75] epoch 337, train loss: 0.70, average train loss: 0.70, base loss: 0.79
[INFO 2017-12-20 17:22:36,565 demo.py:75] epoch 338, train loss: 0.70, average train loss: 0.70, base loss: 0.79
[INFO 2017-12-20 17:22:36,758 demo.py:75] epoch 339, train loss: 0.71, average train loss: 0.70, base loss: 0.79
[INFO 2017-12-20 17:22:36,951 demo.py:75] epoch 340, train loss: 0.68, average train loss: 0.70, base loss: 0.79
[INFO 2017-12-20 17:22:37,145 demo.py:75] epoch 341, train loss: 0.68, average train loss: 0.70, base loss: 0.79
[INFO 2017-12-20 17:22:37,338 demo.py:75] epoch 342, train loss: 0.69, average train loss: 0.70, base loss: 0.79
[INFO 2017-12-20 17:22:37,531 demo.py:75] epoch 343, train loss: 0.68, average train loss: 0.70, base loss: 0.79
[INFO 2017-12-20 17:22:37,725 demo.py:75] epoch 344, train loss: 0.71, average train loss: 0.70, base loss: 0.79
[INFO 2017-12-20 17:22:37,918 demo.py:75] epoch 345, train loss: 0.69, average train loss: 0.70, base loss: 0.79
[INFO 2017-12-20 17:22:38,112 demo.py:75] epoch 346, train loss: 0.68, average train loss: 0.70, base loss: 0.79
[INFO 2017-12-20 17:22:38,305 demo.py:75] epoch 347, train loss: 0.68, average train loss: 0.70, base loss: 0.79
[INFO 2017-12-20 17:22:38,499 demo.py:75] epoch 348, train loss: 0.67, average train loss: 0.70, base loss: 0.79
[INFO 2017-12-20 17:22:38,692 demo.py:75] epoch 349, train loss: 0.68, average train loss: 0.70, base loss: 0.79
[INFO 2017-12-20 17:22:38,885 demo.py:75] epoch 350, train loss: 0.68, average train loss: 0.70, base loss: 0.79
[INFO 2017-12-20 17:22:39,079 demo.py:75] epoch 351, train loss: 0.68, average train loss: 0.70, base loss: 0.79
[INFO 2017-12-20 17:22:39,272 demo.py:75] epoch 352, train loss: 0.68, average train loss: 0.70, base loss: 0.79
[INFO 2017-12-20 17:22:39,465 demo.py:75] epoch 353, train loss: 0.69, average train loss: 0.70, base loss: 0.79
[INFO 2017-12-20 17:22:39,659 demo.py:75] epoch 354, train loss: 0.69, average train loss: 0.70, base loss: 0.79
[INFO 2017-12-20 17:22:39,853 demo.py:75] epoch 355, train loss: 0.66, average train loss: 0.70, base loss: 0.79
[INFO 2017-12-20 17:22:40,047 demo.py:75] epoch 356, train loss: 0.70, average train loss: 0.70, base loss: 0.79
[INFO 2017-12-20 17:22:40,240 demo.py:75] epoch 357, train loss: 0.69, average train loss: 0.70, base loss: 0.79
[INFO 2017-12-20 17:22:40,434 demo.py:75] epoch 358, train loss: 0.68, average train loss: 0.70, base loss: 0.79
[INFO 2017-12-20 17:22:40,628 demo.py:75] epoch 359, train loss: 0.69, average train loss: 0.70, base loss: 0.79
[INFO 2017-12-20 17:22:40,821 demo.py:75] epoch 360, train loss: 0.70, average train loss: 0.70, base loss: 0.79
[INFO 2017-12-20 17:22:41,014 demo.py:75] epoch 361, train loss: 0.67, average train loss: 0.70, base loss: 0.79
[INFO 2017-12-20 17:22:41,209 demo.py:75] epoch 362, train loss: 0.67, average train loss: 0.70, base loss: 0.79
[INFO 2017-12-20 17:22:41,402 demo.py:75] epoch 363, train loss: 0.68, average train loss: 0.70, base loss: 0.79
[INFO 2017-12-20 17:22:41,595 demo.py:75] epoch 364, train loss: 0.68, average train loss: 0.70, base loss: 0.79
[INFO 2017-12-20 17:22:41,788 demo.py:75] epoch 365, train loss: 0.67, average train loss: 0.70, base loss: 0.79
[INFO 2017-12-20 17:22:41,981 demo.py:75] epoch 366, train loss: 0.68, average train loss: 0.70, base loss: 0.79
[INFO 2017-12-20 17:22:42,174 demo.py:75] epoch 367, train loss: 0.67, average train loss: 0.70, base loss: 0.79
[INFO 2017-12-20 17:22:42,367 demo.py:75] epoch 368, train loss: 0.68, average train loss: 0.70, base loss: 0.79
[INFO 2017-12-20 17:22:42,560 demo.py:75] epoch 369, train loss: 0.69, average train loss: 0.70, base loss: 0.79
[INFO 2017-12-20 17:22:42,753 demo.py:75] epoch 370, train loss: 0.66, average train loss: 0.70, base loss: 0.79
[INFO 2017-12-20 17:22:42,947 demo.py:75] epoch 371, train loss: 0.67, average train loss: 0.70, base loss: 0.79
[INFO 2017-12-20 17:22:43,140 demo.py:75] epoch 372, train loss: 0.66, average train loss: 0.70, base loss: 0.79
[INFO 2017-12-20 17:22:43,334 demo.py:75] epoch 373, train loss: 0.66, average train loss: 0.70, base loss: 0.79
[INFO 2017-12-20 17:22:43,528 demo.py:75] epoch 374, train loss: 0.67, average train loss: 0.70, base loss: 0.79
[INFO 2017-12-20 17:22:43,721 demo.py:75] epoch 375, train loss: 0.65, average train loss: 0.70, base loss: 0.79
[INFO 2017-12-20 17:22:43,914 demo.py:75] epoch 376, train loss: 0.67, average train loss: 0.70, base loss: 0.79
[INFO 2017-12-20 17:22:44,108 demo.py:75] epoch 377, train loss: 0.67, average train loss: 0.70, base loss: 0.79
[INFO 2017-12-20 17:22:44,302 demo.py:75] epoch 378, train loss: 0.65, average train loss: 0.70, base loss: 0.79
[INFO 2017-12-20 17:22:44,495 demo.py:75] epoch 379, train loss: 0.65, average train loss: 0.70, base loss: 0.79
[INFO 2017-12-20 17:22:44,689 demo.py:75] epoch 380, train loss: 0.65, average train loss: 0.70, base loss: 0.79
[INFO 2017-12-20 17:22:44,883 demo.py:75] epoch 381, train loss: 0.66, average train loss: 0.70, base loss: 0.79
[INFO 2017-12-20 17:22:45,077 demo.py:75] epoch 382, train loss: 0.65, average train loss: 0.70, base loss: 0.79
[INFO 2017-12-20 17:22:45,270 demo.py:75] epoch 383, train loss: 0.66, average train loss: 0.70, base loss: 0.79
[INFO 2017-12-20 17:22:45,464 demo.py:75] epoch 384, train loss: 0.65, average train loss: 0.70, base loss: 0.79
[INFO 2017-12-20 17:22:45,657 demo.py:75] epoch 385, train loss: 0.66, average train loss: 0.70, base loss: 0.79
[INFO 2017-12-20 17:22:45,851 demo.py:75] epoch 386, train loss: 0.64, average train loss: 0.70, base loss: 0.79
[INFO 2017-12-20 17:22:46,044 demo.py:75] epoch 387, train loss: 0.65, average train loss: 0.70, base loss: 0.79
[INFO 2017-12-20 17:22:46,237 demo.py:75] epoch 388, train loss: 0.65, average train loss: 0.70, base loss: 0.79
[INFO 2017-12-20 17:22:46,433 demo.py:75] epoch 389, train loss: 0.66, average train loss: 0.70, base loss: 0.79
[INFO 2017-12-20 17:22:46,628 demo.py:75] epoch 390, train loss: 0.67, average train loss: 0.70, base loss: 0.79
[INFO 2017-12-20 17:22:46,823 demo.py:75] epoch 391, train loss: 0.66, average train loss: 0.70, base loss: 0.79
[INFO 2017-12-20 17:22:47,019 demo.py:75] epoch 392, train loss: 0.67, average train loss: 0.69, base loss: 0.79
[INFO 2017-12-20 17:22:47,213 demo.py:75] epoch 393, train loss: 0.66, average train loss: 0.69, base loss: 0.79
[INFO 2017-12-20 17:22:47,406 demo.py:75] epoch 394, train loss: 0.67, average train loss: 0.69, base loss: 0.79
[INFO 2017-12-20 17:22:47,599 demo.py:75] epoch 395, train loss: 0.65, average train loss: 0.69, base loss: 0.79
[INFO 2017-12-20 17:22:47,792 demo.py:75] epoch 396, train loss: 0.66, average train loss: 0.69, base loss: 0.79
[INFO 2017-12-20 17:22:47,986 demo.py:75] epoch 397, train loss: 0.68, average train loss: 0.69, base loss: 0.79
[INFO 2017-12-20 17:22:48,180 demo.py:75] epoch 398, train loss: 0.68, average train loss: 0.69, base loss: 0.79
[INFO 2017-12-20 17:22:48,373 demo.py:75] epoch 399, train loss: 0.67, average train loss: 0.69, base loss: 0.79
[INFO 2017-12-20 17:22:48,373 demo.py:81] epoch 399, testing
[INFO 2017-12-20 17:22:50,321 demo.py:140] average test loss: 0.68, base loss: 0.79
[INFO 2017-12-20 17:22:50,321 demo.py:141] improve_loss: 0.11, improve_percent: 0.14
[INFO 2017-12-20 17:22:50,321 demo.py:144] average test endpoint error: 2.18
[INFO 2017-12-20 17:22:50,321 base_demo.py:143] current best improved percent: 0.17
[INFO 2017-12-20 17:22:50,515 demo.py:75] epoch 400, train loss: 0.67, average train loss: 0.69, base loss: 0.79
[INFO 2017-12-20 17:22:50,709 demo.py:75] epoch 401, train loss: 0.68, average train loss: 0.69, base loss: 0.79
[INFO 2017-12-20 17:22:50,903 demo.py:75] epoch 402, train loss: 0.67, average train loss: 0.69, base loss: 0.79
[INFO 2017-12-20 17:22:51,096 demo.py:75] epoch 403, train loss: 0.67, average train loss: 0.69, base loss: 0.79
[INFO 2017-12-20 17:22:51,289 demo.py:75] epoch 404, train loss: 0.67, average train loss: 0.69, base loss: 0.79
[INFO 2017-12-20 17:22:51,483 demo.py:75] epoch 405, train loss: 0.67, average train loss: 0.69, base loss: 0.79
[INFO 2017-12-20 17:22:51,676 demo.py:75] epoch 406, train loss: 0.66, average train loss: 0.68, base loss: 0.79
[INFO 2017-12-20 17:22:51,870 demo.py:75] epoch 407, train loss: 0.67, average train loss: 0.68, base loss: 0.79
[INFO 2017-12-20 17:22:52,064 demo.py:75] epoch 408, train loss: 0.66, average train loss: 0.68, base loss: 0.79
[INFO 2017-12-20 17:22:52,256 demo.py:75] epoch 409, train loss: 0.65, average train loss: 0.68, base loss: 0.79
[INFO 2017-12-20 17:22:52,450 demo.py:75] epoch 410, train loss: 0.65, average train loss: 0.68, base loss: 0.79
[INFO 2017-12-20 17:22:52,643 demo.py:75] epoch 411, train loss: 0.65, average train loss: 0.68, base loss: 0.79
[INFO 2017-12-20 17:22:52,836 demo.py:75] epoch 412, train loss: 0.65, average train loss: 0.68, base loss: 0.79
[INFO 2017-12-20 17:22:53,029 demo.py:75] epoch 413, train loss: 0.66, average train loss: 0.68, base loss: 0.79
[INFO 2017-12-20 17:22:53,223 demo.py:75] epoch 414, train loss: 0.66, average train loss: 0.68, base loss: 0.79
[INFO 2017-12-20 17:22:53,416 demo.py:75] epoch 415, train loss: 0.64, average train loss: 0.68, base loss: 0.79
[INFO 2017-12-20 17:22:53,609 demo.py:75] epoch 416, train loss: 0.67, average train loss: 0.68, base loss: 0.79
[INFO 2017-12-20 17:22:53,803 demo.py:75] epoch 417, train loss: 0.66, average train loss: 0.68, base loss: 0.79
[INFO 2017-12-20 17:22:53,996 demo.py:75] epoch 418, train loss: 0.65, average train loss: 0.68, base loss: 0.79
[INFO 2017-12-20 17:22:54,189 demo.py:75] epoch 419, train loss: 0.65, average train loss: 0.68, base loss: 0.79
[INFO 2017-12-20 17:22:54,383 demo.py:75] epoch 420, train loss: 0.66, average train loss: 0.67, base loss: 0.79
[INFO 2017-12-20 17:22:54,576 demo.py:75] epoch 421, train loss: 0.64, average train loss: 0.67, base loss: 0.79
[INFO 2017-12-20 17:22:54,769 demo.py:75] epoch 422, train loss: 0.64, average train loss: 0.67, base loss: 0.79
[INFO 2017-12-20 17:22:54,963 demo.py:75] epoch 423, train loss: 0.66, average train loss: 0.67, base loss: 0.79
[INFO 2017-12-20 17:22:55,156 demo.py:75] epoch 424, train loss: 0.66, average train loss: 0.67, base loss: 0.79
[INFO 2017-12-20 17:22:55,349 demo.py:75] epoch 425, train loss: 0.65, average train loss: 0.67, base loss: 0.79
[INFO 2017-12-20 17:22:55,543 demo.py:75] epoch 426, train loss: 0.69, average train loss: 0.67, base loss: 0.79
[INFO 2017-12-20 17:22:55,737 demo.py:75] epoch 427, train loss: 0.69, average train loss: 0.67, base loss: 0.79
[INFO 2017-12-20 17:22:55,930 demo.py:75] epoch 428, train loss: 0.67, average train loss: 0.67, base loss: 0.79
[INFO 2017-12-20 17:22:56,125 demo.py:75] epoch 429, train loss: 0.68, average train loss: 0.67, base loss: 0.79
[INFO 2017-12-20 17:22:56,319 demo.py:75] epoch 430, train loss: 0.66, average train loss: 0.67, base loss: 0.79
[INFO 2017-12-20 17:22:56,512 demo.py:75] epoch 431, train loss: 0.65, average train loss: 0.67, base loss: 0.79
[INFO 2017-12-20 17:22:56,706 demo.py:75] epoch 432, train loss: 0.67, average train loss: 0.67, base loss: 0.79
[INFO 2017-12-20 17:22:56,899 demo.py:75] epoch 433, train loss: 0.66, average train loss: 0.67, base loss: 0.79
[INFO 2017-12-20 17:22:57,093 demo.py:75] epoch 434, train loss: 0.66, average train loss: 0.67, base loss: 0.79
[INFO 2017-12-20 17:22:57,286 demo.py:75] epoch 435, train loss: 0.66, average train loss: 0.67, base loss: 0.79
[INFO 2017-12-20 17:22:57,480 demo.py:75] epoch 436, train loss: 0.67, average train loss: 0.67, base loss: 0.79
[INFO 2017-12-20 17:22:57,673 demo.py:75] epoch 437, train loss: 0.68, average train loss: 0.67, base loss: 0.79
[INFO 2017-12-20 17:22:57,866 demo.py:75] epoch 438, train loss: 0.69, average train loss: 0.67, base loss: 0.79
[INFO 2017-12-20 17:22:58,059 demo.py:75] epoch 439, train loss: 0.68, average train loss: 0.67, base loss: 0.79
[INFO 2017-12-20 17:22:58,252 demo.py:75] epoch 440, train loss: 0.65, average train loss: 0.67, base loss: 0.79
[INFO 2017-12-20 17:22:58,447 demo.py:75] epoch 441, train loss: 0.71, average train loss: 0.67, base loss: 0.79
[INFO 2017-12-20 17:22:58,640 demo.py:75] epoch 442, train loss: 0.68, average train loss: 0.67, base loss: 0.79
[INFO 2017-12-20 17:22:58,834 demo.py:75] epoch 443, train loss: 0.70, average train loss: 0.67, base loss: 0.79
[INFO 2017-12-20 17:22:59,028 demo.py:75] epoch 444, train loss: 0.70, average train loss: 0.67, base loss: 0.79
[INFO 2017-12-20 17:22:59,221 demo.py:75] epoch 445, train loss: 0.72, average train loss: 0.67, base loss: 0.79
[INFO 2017-12-20 17:22:59,415 demo.py:75] epoch 446, train loss: 0.70, average train loss: 0.67, base loss: 0.79
[INFO 2017-12-20 17:22:59,608 demo.py:75] epoch 447, train loss: 0.75, average train loss: 0.67, base loss: 0.79
[INFO 2017-12-20 17:22:59,801 demo.py:75] epoch 448, train loss: 0.75, average train loss: 0.67, base loss: 0.79
[INFO 2017-12-20 17:22:59,995 demo.py:75] epoch 449, train loss: 0.73, average train loss: 0.67, base loss: 0.79
[INFO 2017-12-20 17:23:00,188 demo.py:75] epoch 450, train loss: 0.75, average train loss: 0.67, base loss: 0.79
[INFO 2017-12-20 17:23:00,381 demo.py:75] epoch 451, train loss: 0.74, average train loss: 0.67, base loss: 0.79
[INFO 2017-12-20 17:23:00,575 demo.py:75] epoch 452, train loss: 0.82, average train loss: 0.67, base loss: 0.79
[INFO 2017-12-20 17:23:00,768 demo.py:75] epoch 453, train loss: 0.76, average train loss: 0.67, base loss: 0.79
[INFO 2017-12-20 17:23:00,961 demo.py:75] epoch 454, train loss: 0.74, average train loss: 0.67, base loss: 0.79
[INFO 2017-12-20 17:23:01,155 demo.py:75] epoch 455, train loss: 0.74, average train loss: 0.68, base loss: 0.79
[INFO 2017-12-20 17:23:01,349 demo.py:75] epoch 456, train loss: 0.71, average train loss: 0.68, base loss: 0.79
[INFO 2017-12-20 17:23:01,542 demo.py:75] epoch 457, train loss: 0.81, average train loss: 0.68, base loss: 0.79
[INFO 2017-12-20 17:23:01,736 demo.py:75] epoch 458, train loss: 0.76, average train loss: 0.68, base loss: 0.79
[INFO 2017-12-20 17:23:01,929 demo.py:75] epoch 459, train loss: 0.77, average train loss: 0.68, base loss: 0.79
[INFO 2017-12-20 17:23:02,122 demo.py:75] epoch 460, train loss: 0.75, average train loss: 0.68, base loss: 0.79
[INFO 2017-12-20 17:23:02,315 demo.py:75] epoch 461, train loss: 0.74, average train loss: 0.68, base loss: 0.79
[INFO 2017-12-20 17:23:02,509 demo.py:75] epoch 462, train loss: 0.76, average train loss: 0.68, base loss: 0.79
[INFO 2017-12-20 17:23:02,701 demo.py:75] epoch 463, train loss: 0.71, average train loss: 0.68, base loss: 0.79
[INFO 2017-12-20 17:23:02,894 demo.py:75] epoch 464, train loss: 0.77, average train loss: 0.68, base loss: 0.79
[INFO 2017-12-20 17:23:03,087 demo.py:75] epoch 465, train loss: 0.76, average train loss: 0.68, base loss: 0.79
[INFO 2017-12-20 17:23:03,281 demo.py:75] epoch 466, train loss: 0.77, average train loss: 0.68, base loss: 0.79
[INFO 2017-12-20 17:23:03,475 demo.py:75] epoch 467, train loss: 0.72, average train loss: 0.68, base loss: 0.79
[INFO 2017-12-20 17:23:03,669 demo.py:75] epoch 468, train loss: 0.74, average train loss: 0.68, base loss: 0.79
[INFO 2017-12-20 17:23:03,871 demo.py:75] epoch 469, train loss: 0.77, average train loss: 0.69, base loss: 0.79
[INFO 2017-12-20 17:23:04,075 demo.py:75] epoch 470, train loss: 0.80, average train loss: 0.69, base loss: 0.79
[INFO 2017-12-20 17:23:04,272 demo.py:75] epoch 471, train loss: 0.76, average train loss: 0.69, base loss: 0.79
[INFO 2017-12-20 17:23:04,471 demo.py:75] epoch 472, train loss: 0.77, average train loss: 0.69, base loss: 0.79
[INFO 2017-12-20 17:23:04,671 demo.py:75] epoch 473, train loss: 0.78, average train loss: 0.69, base loss: 0.79
[INFO 2017-12-20 17:23:04,872 demo.py:75] epoch 474, train loss: 0.76, average train loss: 0.69, base loss: 0.79
[INFO 2017-12-20 17:23:05,069 demo.py:75] epoch 475, train loss: 0.79, average train loss: 0.69, base loss: 0.79
[INFO 2017-12-20 17:23:05,263 demo.py:75] epoch 476, train loss: 0.84, average train loss: 0.69, base loss: 0.79
[INFO 2017-12-20 17:23:05,456 demo.py:75] epoch 477, train loss: 0.85, average train loss: 0.70, base loss: 0.79
[INFO 2017-12-20 17:23:05,649 demo.py:75] epoch 478, train loss: 0.76, average train loss: 0.70, base loss: 0.79
[INFO 2017-12-20 17:23:05,842 demo.py:75] epoch 479, train loss: 0.82, average train loss: 0.70, base loss: 0.79
[INFO 2017-12-20 17:23:06,036 demo.py:75] epoch 480, train loss: 0.73, average train loss: 0.70, base loss: 0.79
[INFO 2017-12-20 17:23:06,229 demo.py:75] epoch 481, train loss: 0.76, average train loss: 0.70, base loss: 0.79
[INFO 2017-12-20 17:23:06,422 demo.py:75] epoch 482, train loss: 0.78, average train loss: 0.70, base loss: 0.79
[INFO 2017-12-20 17:23:06,615 demo.py:75] epoch 483, train loss: 0.75, average train loss: 0.70, base loss: 0.79
[INFO 2017-12-20 17:23:06,808 demo.py:75] epoch 484, train loss: 0.74, average train loss: 0.70, base loss: 0.79
[INFO 2017-12-20 17:23:07,002 demo.py:75] epoch 485, train loss: 0.72, average train loss: 0.70, base loss: 0.79
[INFO 2017-12-20 17:23:07,195 demo.py:75] epoch 486, train loss: 0.72, average train loss: 0.70, base loss: 0.79
[INFO 2017-12-20 17:23:07,389 demo.py:75] epoch 487, train loss: 0.77, average train loss: 0.71, base loss: 0.79
[INFO 2017-12-20 17:23:07,582 demo.py:75] epoch 488, train loss: 0.73, average train loss: 0.71, base loss: 0.79
[INFO 2017-12-20 17:23:07,775 demo.py:75] epoch 489, train loss: 0.82, average train loss: 0.71, base loss: 0.79
[INFO 2017-12-20 17:23:07,968 demo.py:75] epoch 490, train loss: 0.79, average train loss: 0.71, base loss: 0.79
[INFO 2017-12-20 17:23:08,162 demo.py:75] epoch 491, train loss: 0.70, average train loss: 0.71, base loss: 0.79
[INFO 2017-12-20 17:23:08,356 demo.py:75] epoch 492, train loss: 0.74, average train loss: 0.71, base loss: 0.79
[INFO 2017-12-20 17:23:08,549 demo.py:75] epoch 493, train loss: 0.77, average train loss: 0.71, base loss: 0.79
[INFO 2017-12-20 17:23:08,742 demo.py:75] epoch 494, train loss: 0.74, average train loss: 0.71, base loss: 0.79
[INFO 2017-12-20 17:23:08,935 demo.py:75] epoch 495, train loss: 0.73, average train loss: 0.71, base loss: 0.79
[INFO 2017-12-20 17:23:09,129 demo.py:75] epoch 496, train loss: 0.72, average train loss: 0.71, base loss: 0.79
[INFO 2017-12-20 17:23:09,322 demo.py:75] epoch 497, train loss: 0.70, average train loss: 0.71, base loss: 0.79
[INFO 2017-12-20 17:23:09,515 demo.py:75] epoch 498, train loss: 0.74, average train loss: 0.71, base loss: 0.79
[INFO 2017-12-20 17:23:09,708 demo.py:75] epoch 499, train loss: 0.70, average train loss: 0.71, base loss: 0.79
[INFO 2017-12-20 17:23:09,902 demo.py:75] epoch 500, train loss: 0.73, average train loss: 0.72, base loss: 0.79
[INFO 2017-12-20 17:23:10,095 demo.py:75] epoch 501, train loss: 0.71, average train loss: 0.72, base loss: 0.79
[INFO 2017-12-20 17:23:10,289 demo.py:75] epoch 502, train loss: 0.73, average train loss: 0.72, base loss: 0.79
[INFO 2017-12-20 17:23:10,482 demo.py:75] epoch 503, train loss: 0.69, average train loss: 0.72, base loss: 0.79
[INFO 2017-12-20 17:23:10,675 demo.py:75] epoch 504, train loss: 0.73, average train loss: 0.72, base loss: 0.79
[INFO 2017-12-20 17:23:10,868 demo.py:75] epoch 505, train loss: 0.71, average train loss: 0.72, base loss: 0.79
[INFO 2017-12-20 17:23:11,062 demo.py:75] epoch 506, train loss: 0.70, average train loss: 0.72, base loss: 0.79
[INFO 2017-12-20 17:23:11,256 demo.py:75] epoch 507, train loss: 0.79, average train loss: 0.72, base loss: 0.79
[INFO 2017-12-20 17:23:11,449 demo.py:75] epoch 508, train loss: 0.76, average train loss: 0.72, base loss: 0.79
[INFO 2017-12-20 17:23:11,642 demo.py:75] epoch 509, train loss: 0.71, average train loss: 0.72, base loss: 0.79
[INFO 2017-12-20 17:23:11,836 demo.py:75] epoch 510, train loss: 0.75, average train loss: 0.72, base loss: 0.79
[INFO 2017-12-20 17:23:12,029 demo.py:75] epoch 511, train loss: 0.72, average train loss: 0.72, base loss: 0.79
[INFO 2017-12-20 17:23:12,222 demo.py:75] epoch 512, train loss: 0.81, average train loss: 0.72, base loss: 0.79
[INFO 2017-12-20 17:23:12,415 demo.py:75] epoch 513, train loss: 0.82, average train loss: 0.73, base loss: 0.79
[INFO 2017-12-20 17:23:12,609 demo.py:75] epoch 514, train loss: 0.82, average train loss: 0.73, base loss: 0.79
[INFO 2017-12-20 17:23:12,802 demo.py:75] epoch 515, train loss: 0.70, average train loss: 0.73, base loss: 0.79
[INFO 2017-12-20 17:23:12,995 demo.py:75] epoch 516, train loss: 0.78, average train loss: 0.73, base loss: 0.79
[INFO 2017-12-20 17:23:13,189 demo.py:75] epoch 517, train loss: 0.75, average train loss: 0.73, base loss: 0.79
[INFO 2017-12-20 17:23:13,382 demo.py:75] epoch 518, train loss: 0.77, average train loss: 0.73, base loss: 0.79
[INFO 2017-12-20 17:23:13,575 demo.py:75] epoch 519, train loss: 0.81, average train loss: 0.73, base loss: 0.79
[INFO 2017-12-20 17:23:13,768 demo.py:75] epoch 520, train loss: 0.78, average train loss: 0.73, base loss: 0.79
[INFO 2017-12-20 17:23:13,961 demo.py:75] epoch 521, train loss: 0.74, average train loss: 0.73, base loss: 0.79
[INFO 2017-12-20 17:23:14,154 demo.py:75] epoch 522, train loss: 0.75, average train loss: 0.74, base loss: 0.79
[INFO 2017-12-20 17:23:14,347 demo.py:75] epoch 523, train loss: 0.75, average train loss: 0.74, base loss: 0.79
[INFO 2017-12-20 17:23:14,541 demo.py:75] epoch 524, train loss: 0.80, average train loss: 0.74, base loss: 0.79
[INFO 2017-12-20 17:23:14,734 demo.py:75] epoch 525, train loss: 0.88, average train loss: 0.74, base loss: 0.79
[INFO 2017-12-20 17:23:14,927 demo.py:75] epoch 526, train loss: 0.82, average train loss: 0.74, base loss: 0.79
[INFO 2017-12-20 17:23:15,120 demo.py:75] epoch 527, train loss: 0.84, average train loss: 0.74, base loss: 0.79
[INFO 2017-12-20 17:23:15,313 demo.py:75] epoch 528, train loss: 0.78, average train loss: 0.74, base loss: 0.79
[INFO 2017-12-20 17:23:15,507 demo.py:75] epoch 529, train loss: 0.77, average train loss: 0.74, base loss: 0.79
[INFO 2017-12-20 17:23:15,700 demo.py:75] epoch 530, train loss: 0.75, average train loss: 0.75, base loss: 0.79
[INFO 2017-12-20 17:23:15,893 demo.py:75] epoch 531, train loss: 0.74, average train loss: 0.75, base loss: 0.79
[INFO 2017-12-20 17:23:16,087 demo.py:75] epoch 532, train loss: 0.74, average train loss: 0.75, base loss: 0.79
[INFO 2017-12-20 17:23:16,280 demo.py:75] epoch 533, train loss: 0.75, average train loss: 0.75, base loss: 0.79
[INFO 2017-12-20 17:23:16,474 demo.py:75] epoch 534, train loss: 0.75, average train loss: 0.75, base loss: 0.79
[INFO 2017-12-20 17:23:16,668 demo.py:75] epoch 535, train loss: 0.74, average train loss: 0.75, base loss: 0.79
[INFO 2017-12-20 17:23:16,860 demo.py:75] epoch 536, train loss: 0.77, average train loss: 0.75, base loss: 0.79
[INFO 2017-12-20 17:23:17,053 demo.py:75] epoch 537, train loss: 0.74, average train loss: 0.75, base loss: 0.79
[INFO 2017-12-20 17:23:17,246 demo.py:75] epoch 538, train loss: 0.72, average train loss: 0.75, base loss: 0.79
[INFO 2017-12-20 17:23:17,440 demo.py:75] epoch 539, train loss: 0.74, average train loss: 0.75, base loss: 0.79
[INFO 2017-12-20 17:23:17,634 demo.py:75] epoch 540, train loss: 0.72, average train loss: 0.75, base loss: 0.79
[INFO 2017-12-20 17:23:17,827 demo.py:75] epoch 541, train loss: 0.75, average train loss: 0.75, base loss: 0.79
[INFO 2017-12-20 17:23:18,020 demo.py:75] epoch 542, train loss: 0.76, average train loss: 0.75, base loss: 0.79
[INFO 2017-12-20 17:23:18,213 demo.py:75] epoch 543, train loss: 0.75, average train loss: 0.76, base loss: 0.79
[INFO 2017-12-20 17:23:18,407 demo.py:75] epoch 544, train loss: 0.72, average train loss: 0.76, base loss: 0.79
[INFO 2017-12-20 17:23:18,600 demo.py:75] epoch 545, train loss: 0.80, average train loss: 0.76, base loss: 0.79
[INFO 2017-12-20 17:23:18,796 demo.py:75] epoch 546, train loss: 0.77, average train loss: 0.76, base loss: 0.79
[INFO 2017-12-20 17:23:18,990 demo.py:75] epoch 547, train loss: 0.74, average train loss: 0.76, base loss: 0.79
[INFO 2017-12-20 17:23:19,183 demo.py:75] epoch 548, train loss: 0.76, average train loss: 0.76, base loss: 0.79
[INFO 2017-12-20 17:23:19,376 demo.py:75] epoch 549, train loss: 0.76, average train loss: 0.76, base loss: 0.79
[INFO 2017-12-20 17:23:19,569 demo.py:75] epoch 550, train loss: 0.73, average train loss: 0.76, base loss: 0.79
[INFO 2017-12-20 17:23:19,763 demo.py:75] epoch 551, train loss: 0.74, average train loss: 0.76, base loss: 0.79
[INFO 2017-12-20 17:23:19,956 demo.py:75] epoch 552, train loss: 0.77, average train loss: 0.76, base loss: 0.79
[INFO 2017-12-20 17:23:20,149 demo.py:75] epoch 553, train loss: 0.72, average train loss: 0.76, base loss: 0.79
[INFO 2017-12-20 17:23:20,342 demo.py:75] epoch 554, train loss: 0.69, average train loss: 0.76, base loss: 0.79
[INFO 2017-12-20 17:23:20,535 demo.py:75] epoch 555, train loss: 0.72, average train loss: 0.76, base loss: 0.79
[INFO 2017-12-20 17:23:20,729 demo.py:75] epoch 556, train loss: 0.69, average train loss: 0.76, base loss: 0.79
[INFO 2017-12-20 17:23:20,922 demo.py:75] epoch 557, train loss: 0.73, average train loss: 0.75, base loss: 0.79
[INFO 2017-12-20 17:23:21,116 demo.py:75] epoch 558, train loss: 0.71, average train loss: 0.75, base loss: 0.79
[INFO 2017-12-20 17:23:21,309 demo.py:75] epoch 559, train loss: 0.68, average train loss: 0.75, base loss: 0.79
[INFO 2017-12-20 17:23:21,503 demo.py:75] epoch 560, train loss: 0.72, average train loss: 0.75, base loss: 0.79
[INFO 2017-12-20 17:23:21,696 demo.py:75] epoch 561, train loss: 0.72, average train loss: 0.75, base loss: 0.79
[INFO 2017-12-20 17:23:21,890 demo.py:75] epoch 562, train loss: 0.71, average train loss: 0.75, base loss: 0.79
[INFO 2017-12-20 17:23:22,083 demo.py:75] epoch 563, train loss: 0.70, average train loss: 0.75, base loss: 0.79
[INFO 2017-12-20 17:23:22,276 demo.py:75] epoch 564, train loss: 0.74, average train loss: 0.75, base loss: 0.79
[INFO 2017-12-20 17:23:22,469 demo.py:75] epoch 565, train loss: 0.73, average train loss: 0.75, base loss: 0.79
[INFO 2017-12-20 17:23:22,662 demo.py:75] epoch 566, train loss: 0.69, average train loss: 0.75, base loss: 0.79
[INFO 2017-12-20 17:23:22,855 demo.py:75] epoch 567, train loss: 0.69, average train loss: 0.75, base loss: 0.79
[INFO 2017-12-20 17:23:23,049 demo.py:75] epoch 568, train loss: 0.69, average train loss: 0.75, base loss: 0.79
[INFO 2017-12-20 17:23:23,242 demo.py:75] epoch 569, train loss: 0.69, average train loss: 0.75, base loss: 0.79
[INFO 2017-12-20 17:23:23,435 demo.py:75] epoch 570, train loss: 0.72, average train loss: 0.75, base loss: 0.79
[INFO 2017-12-20 17:23:23,628 demo.py:75] epoch 571, train loss: 0.72, average train loss: 0.75, base loss: 0.79
[INFO 2017-12-20 17:23:23,822 demo.py:75] epoch 572, train loss: 0.72, average train loss: 0.75, base loss: 0.79
[INFO 2017-12-20 17:23:24,015 demo.py:75] epoch 573, train loss: 0.73, average train loss: 0.75, base loss: 0.79
[INFO 2017-12-20 17:23:24,209 demo.py:75] epoch 574, train loss: 0.72, average train loss: 0.75, base loss: 0.79
[INFO 2017-12-20 17:23:24,404 demo.py:75] epoch 575, train loss: 0.68, average train loss: 0.75, base loss: 0.79
[INFO 2017-12-20 17:23:24,598 demo.py:75] epoch 576, train loss: 0.70, average train loss: 0.74, base loss: 0.79
[INFO 2017-12-20 17:23:24,791 demo.py:75] epoch 577, train loss: 0.71, average train loss: 0.74, base loss: 0.79
[INFO 2017-12-20 17:23:24,985 demo.py:75] epoch 578, train loss: 0.70, average train loss: 0.74, base loss: 0.79
[INFO 2017-12-20 17:23:25,179 demo.py:75] epoch 579, train loss: 0.70, average train loss: 0.74, base loss: 0.79
[INFO 2017-12-20 17:23:25,372 demo.py:75] epoch 580, train loss: 0.73, average train loss: 0.74, base loss: 0.79
[INFO 2017-12-20 17:23:25,566 demo.py:75] epoch 581, train loss: 0.70, average train loss: 0.74, base loss: 0.79
[INFO 2017-12-20 17:23:25,760 demo.py:75] epoch 582, train loss: 0.69, average train loss: 0.74, base loss: 0.79
[INFO 2017-12-20 17:23:25,953 demo.py:75] epoch 583, train loss: 0.69, average train loss: 0.74, base loss: 0.79
[INFO 2017-12-20 17:23:26,147 demo.py:75] epoch 584, train loss: 0.69, average train loss: 0.74, base loss: 0.79
[INFO 2017-12-20 17:23:26,340 demo.py:75] epoch 585, train loss: 0.69, average train loss: 0.74, base loss: 0.79
[INFO 2017-12-20 17:23:26,533 demo.py:75] epoch 586, train loss: 0.68, average train loss: 0.74, base loss: 0.79
[INFO 2017-12-20 17:23:26,726 demo.py:75] epoch 587, train loss: 0.73, average train loss: 0.74, base loss: 0.79
[INFO 2017-12-20 17:23:26,919 demo.py:75] epoch 588, train loss: 0.70, average train loss: 0.74, base loss: 0.79
[INFO 2017-12-20 17:23:27,113 demo.py:75] epoch 589, train loss: 0.70, average train loss: 0.74, base loss: 0.79
[INFO 2017-12-20 17:23:27,306 demo.py:75] epoch 590, train loss: 0.67, average train loss: 0.73, base loss: 0.79
[INFO 2017-12-20 17:23:27,500 demo.py:75] epoch 591, train loss: 0.69, average train loss: 0.73, base loss: 0.79
[INFO 2017-12-20 17:23:27,693 demo.py:75] epoch 592, train loss: 0.70, average train loss: 0.73, base loss: 0.79
[INFO 2017-12-20 17:23:27,886 demo.py:75] epoch 593, train loss: 0.71, average train loss: 0.73, base loss: 0.79
[INFO 2017-12-20 17:23:28,079 demo.py:75] epoch 594, train loss: 0.68, average train loss: 0.73, base loss: 0.79
[INFO 2017-12-20 17:23:28,273 demo.py:75] epoch 595, train loss: 0.72, average train loss: 0.73, base loss: 0.79
[INFO 2017-12-20 17:23:28,466 demo.py:75] epoch 596, train loss: 0.71, average train loss: 0.73, base loss: 0.79
[INFO 2017-12-20 17:23:28,660 demo.py:75] epoch 597, train loss: 0.68, average train loss: 0.73, base loss: 0.79
[INFO 2017-12-20 17:23:28,853 demo.py:75] epoch 598, train loss: 0.67, average train loss: 0.73, base loss: 0.79
[INFO 2017-12-20 17:23:29,046 demo.py:75] epoch 599, train loss: 0.70, average train loss: 0.73, base loss: 0.79
[INFO 2017-12-20 17:23:29,046 demo.py:81] epoch 599, testing
[INFO 2017-12-20 17:23:30,989 demo.py:140] average test loss: 0.68, base loss: 0.80
[INFO 2017-12-20 17:23:30,990 demo.py:141] improve_loss: 0.12, improve_percent: 0.15
[INFO 2017-12-20 17:23:30,990 demo.py:144] average test endpoint error: 2.16
[INFO 2017-12-20 17:23:30,990 base_demo.py:143] current best improved percent: 0.17
[INFO 2017-12-20 17:23:31,183 demo.py:75] epoch 600, train loss: 0.67, average train loss: 0.73, base loss: 0.79
[INFO 2017-12-20 17:23:31,376 demo.py:75] epoch 601, train loss: 0.69, average train loss: 0.73, base loss: 0.79
[INFO 2017-12-20 17:23:31,569 demo.py:75] epoch 602, train loss: 0.69, average train loss: 0.73, base loss: 0.79
[INFO 2017-12-20 17:23:31,763 demo.py:75] epoch 603, train loss: 0.68, average train loss: 0.73, base loss: 0.79
[INFO 2017-12-20 17:23:31,956 demo.py:75] epoch 604, train loss: 0.69, average train loss: 0.73, base loss: 0.79
[INFO 2017-12-20 17:23:32,149 demo.py:75] epoch 605, train loss: 0.68, average train loss: 0.73, base loss: 0.79
[INFO 2017-12-20 17:23:32,342 demo.py:75] epoch 606, train loss: 0.69, average train loss: 0.73, base loss: 0.79
[INFO 2017-12-20 17:23:32,537 demo.py:75] epoch 607, train loss: 0.68, average train loss: 0.73, base loss: 0.79
[INFO 2017-12-20 17:23:32,730 demo.py:75] epoch 608, train loss: 0.66, average train loss: 0.73, base loss: 0.79
[INFO 2017-12-20 17:23:32,923 demo.py:75] epoch 609, train loss: 0.67, average train loss: 0.73, base loss: 0.79
[INFO 2017-12-20 17:23:33,117 demo.py:75] epoch 610, train loss: 0.67, average train loss: 0.73, base loss: 0.79
[INFO 2017-12-20 17:23:33,310 demo.py:75] epoch 611, train loss: 0.67, average train loss: 0.73, base loss: 0.79
[INFO 2017-12-20 17:23:33,504 demo.py:75] epoch 612, train loss: 0.65, average train loss: 0.72, base loss: 0.79
[INFO 2017-12-20 17:23:33,698 demo.py:75] epoch 613, train loss: 0.67, average train loss: 0.72, base loss: 0.79
[INFO 2017-12-20 17:23:33,899 demo.py:75] epoch 614, train loss: 0.69, average train loss: 0.72, base loss: 0.79
[INFO 2017-12-20 17:23:34,096 demo.py:75] epoch 615, train loss: 0.67, average train loss: 0.72, base loss: 0.79
[INFO 2017-12-20 17:23:34,293 demo.py:75] epoch 616, train loss: 0.67, average train loss: 0.72, base loss: 0.79
[INFO 2017-12-20 17:23:34,493 demo.py:75] epoch 617, train loss: 0.65, average train loss: 0.72, base loss: 0.79
[INFO 2017-12-20 17:23:34,690 demo.py:75] epoch 618, train loss: 0.69, average train loss: 0.72, base loss: 0.79
[INFO 2017-12-20 17:23:34,887 demo.py:75] epoch 619, train loss: 0.68, average train loss: 0.72, base loss: 0.79
[INFO 2017-12-20 17:23:35,085 demo.py:75] epoch 620, train loss: 0.66, average train loss: 0.72, base loss: 0.79
[INFO 2017-12-20 17:23:35,278 demo.py:75] epoch 621, train loss: 0.65, average train loss: 0.71, base loss: 0.79
[INFO 2017-12-20 17:23:35,471 demo.py:75] epoch 622, train loss: 0.69, average train loss: 0.71, base loss: 0.79
[INFO 2017-12-20 17:23:35,665 demo.py:75] epoch 623, train loss: 0.67, average train loss: 0.71, base loss: 0.79
[INFO 2017-12-20 17:23:35,858 demo.py:75] epoch 624, train loss: 0.68, average train loss: 0.71, base loss: 0.79
[INFO 2017-12-20 17:23:36,051 demo.py:75] epoch 625, train loss: 0.66, average train loss: 0.71, base loss: 0.79
[INFO 2017-12-20 17:23:36,244 demo.py:75] epoch 626, train loss: 0.67, average train loss: 0.71, base loss: 0.79
[INFO 2017-12-20 17:23:36,437 demo.py:75] epoch 627, train loss: 0.69, average train loss: 0.71, base loss: 0.79
[INFO 2017-12-20 17:23:36,631 demo.py:75] epoch 628, train loss: 0.67, average train loss: 0.71, base loss: 0.79
[INFO 2017-12-20 17:23:36,824 demo.py:75] epoch 629, train loss: 0.67, average train loss: 0.70, base loss: 0.79
[INFO 2017-12-20 17:23:37,018 demo.py:75] epoch 630, train loss: 0.67, average train loss: 0.70, base loss: 0.79
[INFO 2017-12-20 17:23:37,212 demo.py:75] epoch 631, train loss: 0.69, average train loss: 0.70, base loss: 0.79
[INFO 2017-12-20 17:23:37,405 demo.py:75] epoch 632, train loss: 0.69, average train loss: 0.70, base loss: 0.79
[INFO 2017-12-20 17:23:37,599 demo.py:75] epoch 633, train loss: 0.67, average train loss: 0.70, base loss: 0.79
[INFO 2017-12-20 17:23:37,792 demo.py:75] epoch 634, train loss: 0.66, average train loss: 0.70, base loss: 0.79
[INFO 2017-12-20 17:23:37,986 demo.py:75] epoch 635, train loss: 0.67, average train loss: 0.70, base loss: 0.79
[INFO 2017-12-20 17:23:38,179 demo.py:75] epoch 636, train loss: 0.70, average train loss: 0.70, base loss: 0.79
[INFO 2017-12-20 17:23:38,372 demo.py:75] epoch 637, train loss: 0.67, average train loss: 0.70, base loss: 0.79
[INFO 2017-12-20 17:23:38,566 demo.py:75] epoch 638, train loss: 0.69, average train loss: 0.70, base loss: 0.79
[INFO 2017-12-20 17:23:38,759 demo.py:75] epoch 639, train loss: 0.67, average train loss: 0.70, base loss: 0.79
[INFO 2017-12-20 17:23:38,952 demo.py:75] epoch 640, train loss: 0.68, average train loss: 0.70, base loss: 0.79
[INFO 2017-12-20 17:23:39,146 demo.py:75] epoch 641, train loss: 0.67, average train loss: 0.70, base loss: 0.79
[INFO 2017-12-20 17:23:39,339 demo.py:75] epoch 642, train loss: 0.67, average train loss: 0.70, base loss: 0.79
[INFO 2017-12-20 17:23:39,532 demo.py:75] epoch 643, train loss: 0.68, average train loss: 0.69, base loss: 0.79
[INFO 2017-12-20 17:23:39,725 demo.py:75] epoch 644, train loss: 0.66, average train loss: 0.69, base loss: 0.79
[INFO 2017-12-20 17:23:39,918 demo.py:75] epoch 645, train loss: 0.67, average train loss: 0.69, base loss: 0.79
[INFO 2017-12-20 17:23:40,111 demo.py:75] epoch 646, train loss: 0.67, average train loss: 0.69, base loss: 0.79
[INFO 2017-12-20 17:23:40,304 demo.py:75] epoch 647, train loss: 0.66, average train loss: 0.69, base loss: 0.79
[INFO 2017-12-20 17:23:40,498 demo.py:75] epoch 648, train loss: 0.69, average train loss: 0.69, base loss: 0.79
[INFO 2017-12-20 17:23:40,691 demo.py:75] epoch 649, train loss: 0.67, average train loss: 0.69, base loss: 0.79
[INFO 2017-12-20 17:23:40,884 demo.py:75] epoch 650, train loss: 0.66, average train loss: 0.69, base loss: 0.79
[INFO 2017-12-20 17:23:41,077 demo.py:75] epoch 651, train loss: 0.65, average train loss: 0.69, base loss: 0.79
[INFO 2017-12-20 17:23:41,271 demo.py:75] epoch 652, train loss: 0.67, average train loss: 0.69, base loss: 0.79
[INFO 2017-12-20 17:23:41,464 demo.py:75] epoch 653, train loss: 0.69, average train loss: 0.69, base loss: 0.79
[INFO 2017-12-20 17:23:41,657 demo.py:75] epoch 654, train loss: 0.66, average train loss: 0.69, base loss: 0.79
[INFO 2017-12-20 17:23:41,850 demo.py:75] epoch 655, train loss: 0.69, average train loss: 0.69, base loss: 0.79
[INFO 2017-12-20 17:23:42,043 demo.py:75] epoch 656, train loss: 0.70, average train loss: 0.69, base loss: 0.80
[INFO 2017-12-20 17:23:42,237 demo.py:75] epoch 657, train loss: 0.65, average train loss: 0.69, base loss: 0.80
[INFO 2017-12-20 17:23:42,430 demo.py:75] epoch 658, train loss: 0.65, average train loss: 0.68, base loss: 0.80
[INFO 2017-12-20 17:23:42,623 demo.py:75] epoch 659, train loss: 0.67, average train loss: 0.68, base loss: 0.80
[INFO 2017-12-20 17:23:42,817 demo.py:75] epoch 660, train loss: 0.66, average train loss: 0.68, base loss: 0.80
[INFO 2017-12-20 17:23:43,010 demo.py:75] epoch 661, train loss: 0.66, average train loss: 0.68, base loss: 0.80
[INFO 2017-12-20 17:23:43,203 demo.py:75] epoch 662, train loss: 0.67, average train loss: 0.68, base loss: 0.80
[INFO 2017-12-20 17:23:43,397 demo.py:75] epoch 663, train loss: 0.65, average train loss: 0.68, base loss: 0.80
[INFO 2017-12-20 17:23:43,593 demo.py:75] epoch 664, train loss: 0.65, average train loss: 0.68, base loss: 0.80
[INFO 2017-12-20 17:23:43,787 demo.py:75] epoch 665, train loss: 0.67, average train loss: 0.68, base loss: 0.80
[INFO 2017-12-20 17:23:43,981 demo.py:75] epoch 666, train loss: 0.66, average train loss: 0.68, base loss: 0.80
[INFO 2017-12-20 17:23:44,175 demo.py:75] epoch 667, train loss: 0.66, average train loss: 0.68, base loss: 0.80
[INFO 2017-12-20 17:23:44,369 demo.py:75] epoch 668, train loss: 0.65, average train loss: 0.68, base loss: 0.80
[INFO 2017-12-20 17:23:44,564 demo.py:75] epoch 669, train loss: 0.67, average train loss: 0.68, base loss: 0.80
[INFO 2017-12-20 17:23:44,757 demo.py:75] epoch 670, train loss: 0.66, average train loss: 0.68, base loss: 0.80
[INFO 2017-12-20 17:23:44,951 demo.py:75] epoch 671, train loss: 0.66, average train loss: 0.68, base loss: 0.80
[INFO 2017-12-20 17:23:45,144 demo.py:75] epoch 672, train loss: 0.67, average train loss: 0.68, base loss: 0.80
[INFO 2017-12-20 17:23:45,338 demo.py:75] epoch 673, train loss: 0.66, average train loss: 0.68, base loss: 0.80
[INFO 2017-12-20 17:23:45,533 demo.py:75] epoch 674, train loss: 0.66, average train loss: 0.68, base loss: 0.80
[INFO 2017-12-20 17:23:45,727 demo.py:75] epoch 675, train loss: 0.68, average train loss: 0.68, base loss: 0.80
[INFO 2017-12-20 17:23:45,922 demo.py:75] epoch 676, train loss: 0.66, average train loss: 0.68, base loss: 0.80
[INFO 2017-12-20 17:23:46,116 demo.py:75] epoch 677, train loss: 0.65, average train loss: 0.68, base loss: 0.80
[INFO 2017-12-20 17:23:46,309 demo.py:75] epoch 678, train loss: 0.69, average train loss: 0.68, base loss: 0.80
[INFO 2017-12-20 17:23:46,503 demo.py:75] epoch 679, train loss: 0.67, average train loss: 0.68, base loss: 0.80
[INFO 2017-12-20 17:23:46,697 demo.py:75] epoch 680, train loss: 0.66, average train loss: 0.67, base loss: 0.80
[INFO 2017-12-20 17:23:46,890 demo.py:75] epoch 681, train loss: 0.66, average train loss: 0.67, base loss: 0.80
[INFO 2017-12-20 17:23:47,084 demo.py:75] epoch 682, train loss: 0.65, average train loss: 0.67, base loss: 0.80
[INFO 2017-12-20 17:23:47,277 demo.py:75] epoch 683, train loss: 0.65, average train loss: 0.67, base loss: 0.80
[INFO 2017-12-20 17:23:47,470 demo.py:75] epoch 684, train loss: 0.65, average train loss: 0.67, base loss: 0.80
[INFO 2017-12-20 17:23:47,664 demo.py:75] epoch 685, train loss: 0.66, average train loss: 0.67, base loss: 0.80
[INFO 2017-12-20 17:23:47,858 demo.py:75] epoch 686, train loss: 0.66, average train loss: 0.67, base loss: 0.80
[INFO 2017-12-20 17:23:48,051 demo.py:75] epoch 687, train loss: 0.65, average train loss: 0.67, base loss: 0.80
[INFO 2017-12-20 17:23:48,245 demo.py:75] epoch 688, train loss: 0.66, average train loss: 0.67, base loss: 0.80
[INFO 2017-12-20 17:23:48,438 demo.py:75] epoch 689, train loss: 0.67, average train loss: 0.67, base loss: 0.80
[INFO 2017-12-20 17:23:48,632 demo.py:75] epoch 690, train loss: 0.65, average train loss: 0.67, base loss: 0.80
[INFO 2017-12-20 17:23:48,826 demo.py:75] epoch 691, train loss: 0.65, average train loss: 0.67, base loss: 0.80
[INFO 2017-12-20 17:23:49,019 demo.py:75] epoch 692, train loss: 0.66, average train loss: 0.67, base loss: 0.80
[INFO 2017-12-20 17:23:49,213 demo.py:75] epoch 693, train loss: 0.67, average train loss: 0.67, base loss: 0.80
[INFO 2017-12-20 17:23:49,406 demo.py:75] epoch 694, train loss: 0.65, average train loss: 0.67, base loss: 0.80
[INFO 2017-12-20 17:23:49,600 demo.py:75] epoch 695, train loss: 0.66, average train loss: 0.67, base loss: 0.80
[INFO 2017-12-20 17:23:49,793 demo.py:75] epoch 696, train loss: 0.65, average train loss: 0.67, base loss: 0.80
[INFO 2017-12-20 17:23:49,987 demo.py:75] epoch 697, train loss: 0.66, average train loss: 0.67, base loss: 0.80
[INFO 2017-12-20 17:23:50,181 demo.py:75] epoch 698, train loss: 0.66, average train loss: 0.67, base loss: 0.80
[INFO 2017-12-20 17:23:50,375 demo.py:75] epoch 699, train loss: 0.66, average train loss: 0.67, base loss: 0.80
[INFO 2017-12-20 17:23:50,569 demo.py:75] epoch 700, train loss: 0.65, average train loss: 0.67, base loss: 0.80
[INFO 2017-12-20 17:23:50,762 demo.py:75] epoch 701, train loss: 0.65, average train loss: 0.67, base loss: 0.80
[INFO 2017-12-20 17:23:50,957 demo.py:75] epoch 702, train loss: 0.65, average train loss: 0.67, base loss: 0.80
[INFO 2017-12-20 17:23:51,151 demo.py:75] epoch 703, train loss: 0.65, average train loss: 0.67, base loss: 0.80
[INFO 2017-12-20 17:23:51,344 demo.py:75] epoch 704, train loss: 0.65, average train loss: 0.67, base loss: 0.80
[INFO 2017-12-20 17:23:51,538 demo.py:75] epoch 705, train loss: 0.65, average train loss: 0.67, base loss: 0.80
[INFO 2017-12-20 17:23:51,732 demo.py:75] epoch 706, train loss: 0.66, average train loss: 0.67, base loss: 0.80
[INFO 2017-12-20 17:23:51,925 demo.py:75] epoch 707, train loss: 0.65, average train loss: 0.67, base loss: 0.80
